Copyright 1986-2021 Xilinx, Inc. All Rights Reserved.
--------------------------------------------------------------------------------------------------------------------------------------------------------------------------
| Tool Version : Vivado v.2021.1 (win64) Build 3247384 Thu Jun 10 19:36:33 MDT 2021
| Date         : normalized
| Host         : normalized
| Command      : report_timing_summary -delay_type max -max_paths 10 -file <output_dir>/axis_iq_passthrough_timing_summary.rpt
| Design       : axis_iq_passthrough
| Device       : 7z020-clg400
| Speed File   : -2  PRODUCTION 1.12 2019-11-22
--------------------------------------------------------------------------------------------------------------------------------------------------------------------------

Timing Summary Report

------------------------------------------------------------------------------------------------
| Timer Settings
| --------------
------------------------------------------------------------------------------------------------

  Enable Multi Corner Analysis               :  Yes
  Enable Pessimism Removal                   :  Yes
  Pessimism Removal Resolution               :  Nearest Common Node
  Enable Input Delay Default Clock           :  No
  Enable Preset / Clear Arcs                 :  No
  Disable Flight Delays                      :  No
  Ignore I/O Paths                           :  No
  Timing Early Launch at Borrowing Latches   :  No
  Borrow Time for Max Delay Exceptions       :  Yes
  Merge Timing Exceptions                    :  Yes

  Corner  Analyze    Analyze
  Name    Max Paths  Min Paths
  ------  ---------  ---------
  Slow    Yes        Yes
  Fast    Yes        Yes


------------------------------------------------------------------------------------------------
| Report Methodology
| ------------------
------------------------------------------------------------------------------------------------

No report available as report_methodology has not been run prior. Run report_methodology on the current design for the summary of methodology violations.



check_timing report

Table of Contents
-----------------
1. checking no_clock (0)
2. checking constant_clock (0)
3. checking pulse_width_clock (0)
4. checking unconstrained_internal_endpoints (0)
5. checking no_input_delay (36)
6. checking no_output_delay (35)
7. checking multiple_clock (0)
8. checking generated_clocks (0)
9. checking loops (0)
10. checking partial_input_delay (0)
11. checking partial_output_delay (0)
12. checking latch_loops (0)

1. checking no_clock (0)
------------------------
 There are 0 register/latch pins with no clock.


2. checking constant_clock (0)
------------------------------
 There are 0 register/latch pins with constant_clock.


3. checking pulse_width_clock (0)
---------------------------------
 There are 0 register/latch pins which need pulse_width check


4. checking unconstrained_internal_endpoints (0)
------------------------------------------------
 There are 0 pins that are not constrained for maximum delay.

 There are 0 pins that are not constrained for maximum delay due to constant clock.


5. checking no_input_delay (36)
-------------------------------
 There are 36 input ports with no input delay specified. (HIGH)

 There are 0 input ports with no input delay but user has a false path constraint.


6. checking no_output_delay (35)
--------------------------------
 There are 35 ports with no output delay specified. (HIGH)

 There are 0 ports with no output delay but user has a false path constraint

 There are 0 ports with no output delay but with a timing clock defined on it or propagating through it


7. checking multiple_clock (0)
------------------------------
 There are 0 register/latch pins with multiple clocks.


8. checking generated_clocks (0)
--------------------------------
 There are 0 generated clocks that are not connected to a clock source.


9. checking loops (0)
---------------------
 There are 0 combinational loops in the design.


10. checking partial_input_delay (0)
------------------------------------
 There are 0 input ports with partial input delay specified.


11. checking partial_output_delay (0)
-------------------------------------
 There are 0 ports with partial output delay specified.


12. checking latch_loops (0)
----------------------------
 There are 0 combinational latch loops in the design through latch input



------------------------------------------------------------------------------------------------
| Design Timing Summary
| ---------------------
------------------------------------------------------------------------------------------------

    WNS(ns)      TNS(ns)  TNS Failing Endpoints  TNS Total Endpoints     WPWS(ns)     TPWS(ns)  TPWS Failing Endpoints  TPWS Total Endpoints
    -------      -------  ---------------------  -------------------     --------     --------  ----------------------  --------------------
      8.064        0.000                      0                   34        4.500        0.000                       0                    34


All user specified timing constraints are met.


------------------------------------------------------------------------------------------------
| Clock Summary
| -------------
------------------------------------------------------------------------------------------------

Clock  Waveform(ns)       Period(ns)      Frequency(MHz)
-----  ------------       ----------      --------------
aclk   {0.000 5.000}      10.000          100.000


------------------------------------------------------------------------------------------------
| Intra Clock Table
| -----------------
------------------------------------------------------------------------------------------------

Clock             WNS(ns)      TNS(ns)  TNS Failing Endpoints  TNS Total Endpoints     WPWS(ns)     TPWS(ns)  TPWS Failing Endpoints  TPWS Total Endpoints
-----             -------      -------  ---------------------  -------------------     --------     --------  ----------------------  --------------------
aclk                8.064        0.000                      0                   34        4.500        0.000                       0                    34


------------------------------------------------------------------------------------------------
| Inter Clock Table
| -----------------
------------------------------------------------------------------------------------------------

From Clock    To Clock          WNS(ns)      TNS(ns)  TNS Failing Endpoints  TNS Total Endpoints
----------    --------          -------      -------  ---------------------  -------------------


------------------------------------------------------------------------------------------------
| Other Path Groups Table
| -----------------------
------------------------------------------------------------------------------------------------

Path Group    From Clock    To Clock          WNS(ns)      TNS(ns)  TNS Failing Endpoints  TNS Total Endpoints
----------    ----------    --------          -------      -------  ---------------------  -------------------


------------------------------------------------------------------------------------------------
| Timing Details
| --------------
------------------------------------------------------------------------------------------------


---------------------------------------------------------------------------------------------------
From Clock:  aclk
  To Clock:  aclk

Setup :            0  Failing Endpoints,  Worst Slack        8.064ns,  Total Violation        0.000ns
Hold  :           NA  Failing Endpoints,  Worst Slack           NA  ,  Total Violation           NA
PW    :            0  Failing Endpoints,  Worst Slack        4.500ns,  Total Violation        0.000ns
---------------------------------------------------------------------------------------------------


Max Delay Paths
--------------------------------------------------------------------------------------
Slack (MET) :             8.064ns  (required time - arrival time)
  Source:                 m_axis_tvalid_reg/C
                            (rising edge-triggered cell FDRE clocked by aclk  {rise@0.000ns fall@5.000ns period=10.000ns})
  Destination:            m_axis_tdata_reg[0]/CE
                            (rising edge-triggered cell FDRE clocked by aclk  {rise@0.000ns fall@5.000ns period=10.000ns})
  Path Group:             aclk
  Path Type:              Setup (Max at Slow Process Corner)
  Requirement:            10.000ns  (aclk rise@10.000ns - aclk rise@0.000ns)
  Data Path Delay:        1.725ns  (logic 0.665ns (38.551%)  route 1.060ns (61.449%))
  Logic Levels:           1  (LUT3=1)
  Clock Path Skew:        -0.039ns (DCD - SCD + CPR)
    Destination Clock Delay (DCD):    0.748ns = ( 10.748 - 10.000 )
    Source Clock Delay      (SCD):    0.787ns
    Clock Pessimism Removal (CPR):    0.000ns
  Clock Uncertainty:      0.035ns  ((TSJ^2 + TIJ^2)^1/2 + DJ) / 2 + PE
    Total System Jitter     (TSJ):    0.071ns
    Total Input Jitter      (TIJ):    0.000ns
    Discrete Jitter          (DJ):    0.000ns
    Phase Error              (PE):    0.000ns

    Location             Delay type                Incr(ns)  Path(ns)    Netlist Resource(s)
  -------------------------------------------------------------------    -------------------
                         (clock aclk rise edge)       0.000     0.000 r
                                                      0.000     0.000 r  aclk (IN)
                         net (fo=33, unset)           0.787     0.787    aclk
                         FDRE                                         r  m_axis_tvalid_reg/C
  -------------------------------------------------------------------    -------------------
                         FDRE (Prop_fdre_C_Q)         0.433     1.220 f  m_axis_tvalid_reg/Q
                         net (fo=4, unplaced)         0.623     1.843    m_axis_tvalid
                         LUT3 (Prop_lut3_I0_O)        0.232     2.075 r  m_axis_tdata[31]_i_2/O
                         net (fo=32, unplaced)        0.437     2.512    m_axis_tdata[31]_i_2_n_0
                         FDRE                                         r  m_axis_tdata_reg[0]/CE
  -------------------------------------------------------------------    -------------------

                         (clock aclk rise edge)      10.000    10.000 r
                                                      0.000    10.000 r  aclk (IN)
                         net (fo=33, unset)           0.748    10.748    aclk
                         FDRE                                         r  m_axis_tdata_reg[0]/C
                         clock pessimism              0.000    10.748
                         clock uncertainty           -0.035    10.712
                         FDRE (Setup_fdre_C_CE)      -0.136    10.576    m_axis_tdata_reg[0]
  -------------------------------------------------------------------
                         required time                         10.576
                         arrival time                          -2.512
  -------------------------------------------------------------------
                         slack                                  8.064

Slack (MET) :             8.064ns  (required time - arrival time)
  Source:                 m_axis_tvalid_reg/C
                            (rising edge-triggered cell FDRE clocked by aclk  {rise@0.000ns fall@5.000ns period=10.000ns})
  Destination:            m_axis_tdata_reg[10]/CE
                            (rising edge-triggered cell FDRE clocked by aclk  {rise@0.000ns fall@5.000ns period=10.000ns})
  Path Group:             aclk
  Path Type:              Setup (Max at Slow Process Corner)
  Requirement:            10.000ns  (aclk rise@10.000ns - aclk rise@0.000ns)
  Data Path Delay:        1.725ns  (logic 0.665ns (38.551%)  route 1.060ns (61.449%))
  Logic Levels:           1  (LUT3=1)
  Clock Path Skew:        -0.039ns (DCD - SCD + CPR)
    Destination Clock Delay (DCD):    0.748ns = ( 10.748 - 10.000 )
    Source Clock Delay      (SCD):    0.787ns
    Clock Pessimism Removal (CPR):    0.000ns
  Clock Uncertainty:      0.035ns  ((TSJ^2 + TIJ^2)^1/2 + DJ) / 2 + PE
    Total System Jitter     (TSJ):    0.071ns
    Total Input Jitter      (TIJ):    0.000ns
    Discrete Jitter          (DJ):    0.000ns
    Phase Error              (PE):    0.000ns

    Location             Delay type                Incr(ns)  Path(ns)    Netlist Resource(s)
  -------------------------------------------------------------------    -------------------
                         (clock aclk rise edge)       0.000     0.000 r
                                                      0.000     0.000 r  aclk (IN)
                         net (fo=33, unset)           0.787     0.787    aclk
                         FDRE                                         r  m_axis_tvalid_reg/C
  -------------------------------------------------------------------    -------------------
                         FDRE (Prop_fdre_C_Q)         0.433     1.220 f  m_axis_tvalid_reg/Q
                         net (fo=4, unplaced)         0.623     1.843    m_axis_tvalid
                         LUT3 (Prop_lut3_I0_O)        0.232     2.075 r  m_axis_tdata[31]_i_2/O
                         net (fo=32, unplaced)        0.437     2.512    m_axis_tdata[31]_i_2_n_0
                         FDRE                                         r  m_axis_tdata_reg[10]/CE
  -------------------------------------------------------------------    -------------------

                         (clock aclk rise edge)      10.000    10.000 r
                                                      0.000    10.000 r  aclk (IN)
                         net (fo=33, unset)           0.748    10.748    aclk
                         FDRE                                         r  m_axis_tdata_reg[10]/C
                         clock pessimism              0.000    10.748
                         clock uncertainty           -0.035    10.712
                         FDRE (Setup_fdre_C_CE)      -0.136    10.576    m_axis_tdata_reg[10]
  -------------------------------------------------------------------
                         required time                         10.576
                         arrival time                          -2.512
  -------------------------------------------------------------------
                         slack                                  8.064

Slack (MET) :             8.064ns  (required time - arrival time)
  Source:                 m_axis_tvalid_reg/C
                            (rising edge-triggered cell FDRE clocked by aclk  {rise@0.000ns fall@5.000ns period=10.000ns})
  Destination:            m_axis_tdata_reg[11]/CE
                            (rising edge-triggered cell FDRE clocked by aclk  {rise@0.000ns fall@5.000ns period=10.000ns})
  Path Group:             aclk
  Path Type:              Setup (Max at Slow Process Corner)
  Requirement:            10.000ns  (aclk rise@10.000ns - aclk rise@0.000ns)
  Data Path Delay:        1.725ns  (logic 0.665ns (38.551%)  route 1.060ns (61.449%))
  Logic Levels:           1  (LUT3=1)
  Clock Path Skew:        -0.039ns (DCD - SCD + CPR)
    Destination Clock Delay (DCD):    0.748ns = ( 10.748 - 10.000 )
    Source Clock Delay      (SCD):    0.787ns
    Clock Pessimism Removal (CPR):    0.000ns
  Clock Uncertainty:      0.035ns  ((TSJ^2 + TIJ^2)^1/2 + DJ) / 2 + PE
    Total System Jitter     (TSJ):    0.071ns
    Total Input Jitter      (TIJ):    0.000ns
    Discrete Jitter          (DJ):    0.000ns
    Phase Error              (PE):    0.000ns

    Location             Delay type                Incr(ns)  Path(ns)    Netlist Resource(s)
  -------------------------------------------------------------------    -------------------
                         (clock aclk rise edge)       0.000     0.000 r
                                                      0.000     0.000 r  aclk (IN)
                         net (fo=33, unset)           0.787     0.787    aclk
                         FDRE                                         r  m_axis_tvalid_reg/C
  -------------------------------------------------------------------    -------------------
                         FDRE (Prop_fdre_C_Q)         0.433     1.220 f  m_axis_tvalid_reg/Q
                         net (fo=4, unplaced)         0.623     1.843    m_axis_tvalid
                         LUT3 (Prop_lut3_I0_O)        0.232     2.075 r  m_axis_tdata[31]_i_2/O
                         net (fo=32, unplaced)        0.437     2.512    m_axis_tdata[31]_i_2_n_0
                         FDRE                                         r  m_axis_tdata_reg[11]/CE
  -------------------------------------------------------------------    -------------------

                         (clock aclk rise edge)      10.000    10.000 r
                                                      0.000    10.000 r  aclk (IN)
                         net (fo=33, unset)           0.748    10.748    aclk
                         FDRE                                         r  m_axis_tdata_reg[11]/C
                         clock pessimism              0.000    10.748
                         clock uncertainty           -0.035    10.712
                         FDRE (Setup_fdre_C_CE)      -0.136    10.576    m_axis_tdata_reg[11]
  -------------------------------------------------------------------
                         required time                         10.576
                         arrival time                          -2.512
  -------------------------------------------------------------------
                         slack                                  8.064

Slack (MET) :             8.064ns  (required time - arrival time)
  Source:                 m_axis_tvalid_reg/C
                            (rising edge-triggered cell FDRE clocked by aclk  {rise@0.000ns fall@5.000ns period=10.000ns})
  Destination:            m_axis_tdata_reg[12]/CE
                            (rising edge-triggered cell FDRE clocked by aclk  {rise@0.000ns fall@5.000ns period=10.000ns})
  Path Group:             aclk
  Path Type:              Setup (Max at Slow Process Corner)
  Requirement:            10.000ns  (aclk rise@10.000ns - aclk rise@0.000ns)
  Data Path Delay:        1.725ns  (logic 0.665ns (38.551%)  route 1.060ns (61.449%))
  Logic Levels:           1  (LUT3=1)
  Clock Path Skew:        -0.039ns (DCD - SCD + CPR)
    Destination Clock Delay (DCD):    0.748ns = ( 10.748 - 10.000 )
    Source Clock Delay      (SCD):    0.787ns
    Clock Pessimism Removal (CPR):    0.000ns
  Clock Uncertainty:      0.035ns  ((TSJ^2 + TIJ^2)^1/2 + DJ) / 2 + PE
    Total System Jitter     (TSJ):    0.071ns
    Total Input Jitter      (TIJ):    0.000ns
    Discrete Jitter          (DJ):    0.000ns
    Phase Error              (PE):    0.000ns

    Location             Delay type                Incr(ns)  Path(ns)    Netlist Resource(s)
  -------------------------------------------------------------------    -------------------
                         (clock aclk rise edge)       0.000     0.000 r
                                                      0.000     0.000 r  aclk (IN)
                         net (fo=33, unset)           0.787     0.787    aclk
                         FDRE                                         r  m_axis_tvalid_reg/C
  -------------------------------------------------------------------    -------------------
                         FDRE (Prop_fdre_C_Q)         0.433     1.220 f  m_axis_tvalid_reg/Q
                         net (fo=4, unplaced)         0.623     1.843    m_axis_tvalid
                         LUT3 (Prop_lut3_I0_O)        0.232     2.075 r  m_axis_tdata[31]_i_2/O
                         net (fo=32, unplaced)        0.437     2.512    m_axis_tdata[31]_i_2_n_0
                         FDRE                                         r  m_axis_tdata_reg[12]/CE
  -------------------------------------------------------------------    -------------------

                         (clock aclk rise edge)      10.000    10.000 r
                                                      0.000    10.000 r  aclk (IN)
                         net (fo=33, unset)           0.748    10.748    aclk
                         FDRE                                         r  m_axis_tdata_reg[12]/C
                         clock pessimism              0.000    10.748
                         clock uncertainty           -0.035    10.712
                         FDRE (Setup_fdre_C_CE)      -0.136    10.576    m_axis_tdata_reg[12]
  -------------------------------------------------------------------
                         required time                         10.576
                         arrival time                          -2.512
  -------------------------------------------------------------------
                         slack                                  8.064

Slack (MET) :             8.064ns  (required time - arrival time)
  Source:                 m_axis_tvalid_reg/C
                            (rising edge-triggered cell FDRE clocked by aclk  {rise@0.000ns fall@5.000ns period=10.000ns})
  Destination:            m_axis_tdata_reg[13]/CE
                            (rising edge-triggered cell FDRE clocked by aclk  {rise@0.000ns fall@5.000ns period=10.000ns})
  Path Group:             aclk
  Path Type:              Setup (Max at Slow Process Corner)
  Requirement:            10.000ns  (aclk rise@10.000ns - aclk rise@0.000ns)
  Data Path Delay:        1.725ns  (logic 0.665ns (38.551%)  route 1.060ns (61.449%))
  Logic Levels:           1  (LUT3=1)
  Clock Path Skew:        -0.039ns (DCD - SCD + CPR)
    Destination Clock Delay (DCD):    0.748ns = ( 10.748 - 10.000 )
    Source Clock Delay      (SCD):    0.787ns
    Clock Pessimism Removal (CPR):    0.000ns
  Clock Uncertainty:      0.035ns  ((TSJ^2 + TIJ^2)^1/2 + DJ) / 2 + PE
    Total System Jitter     (TSJ):    0.071ns
    Total Input Jitter      (TIJ):    0.000ns
    Discrete Jitter          (DJ):    0.000ns
    Phase Error              (PE):    0.000ns

    Location             Delay type                Incr(ns)  Path(ns)    Netlist Resource(s)
  -------------------------------------------------------------------    -------------------
                         (clock aclk rise edge)       0.000     0.000 r
                                                      0.000     0.000 r  aclk (IN)
                         net (fo=33, unset)           0.787     0.787    aclk
                         FDRE                                         r  m_axis_tvalid_reg/C
  -------------------------------------------------------------------    -------------------
                         FDRE (Prop_fdre_C_Q)         0.433     1.220 f  m_axis_tvalid_reg/Q
                         net (fo=4, unplaced)         0.623     1.843    m_axis_tvalid
                         LUT3 (Prop_lut3_I0_O)        0.232     2.075 r  m_axis_tdata[31]_i_2/O
                         net (fo=32, unplaced)        0.437     2.512    m_axis_tdata[31]_i_2_n_0
                         FDRE                                         r  m_axis_tdata_reg[13]/CE
  -------------------------------------------------------------------    -------------------

                         (clock aclk rise edge)      10.000    10.000 r
                                                      0.000    10.000 r  aclk (IN)
                         net (fo=33, unset)           0.748    10.748    aclk
                         FDRE                                         r  m_axis_tdata_reg[13]/C
                         clock pessimism              0.000    10.748
                         clock uncertainty           -0.035    10.712
                         FDRE (Setup_fdre_C_CE)      -0.136    10.576    m_axis_tdata_reg[13]
  -------------------------------------------------------------------
                         required time                         10.576
                         arrival time                          -2.512
  -------------------------------------------------------------------
                         slack                                  8.064

Slack (MET) :             8.064ns  (required time - arrival time)
  Source:                 m_axis_tvalid_reg/C
                            (rising edge-triggered cell FDRE clocked by aclk  {rise@0.000ns fall@5.000ns period=10.000ns})
  Destination:            m_axis_tdata_reg[14]/CE
                            (rising edge-triggered cell FDRE clocked by aclk  {rise@0.000ns fall@5.000ns period=10.000ns})
  Path Group:             aclk
  Path Type:              Setup (Max at Slow Process Corner)
  Requirement:            10.000ns  (aclk rise@10.000ns - aclk rise@0.000ns)
  Data Path Delay:        1.725ns  (logic 0.665ns (38.551%)  route 1.060ns (61.449%))
  Logic Levels:           1  (LUT3=1)
  Clock Path Skew:        -0.039ns (DCD - SCD + CPR)
    Destination Clock Delay (DCD):    0.748ns = ( 10.748 - 10.000 )
    Source Clock Delay      (SCD):    0.787ns
    Clock Pessimism Removal (CPR):    0.000ns
  Clock Uncertainty:      0.035ns  ((TSJ^2 + TIJ^2)^1/2 + DJ) / 2 + PE
    Total System Jitter     (TSJ):    0.071ns
    Total Input Jitter      (TIJ):    0.000ns
    Discrete Jitter          (DJ):    0.000ns
    Phase Error              (PE):    0.000ns

    Location             Delay type                Incr(ns)  Path(ns)    Netlist Resource(s)
  -------------------------------------------------------------------    -------------------
                         (clock aclk rise edge)       0.000     0.000 r
                                                      0.000     0.000 r  aclk (IN)
                         net (fo=33, unset)           0.787     0.787    aclk
                         FDRE                                         r  m_axis_tvalid_reg/C
  -------------------------------------------------------------------    -------------------
                         FDRE (Prop_fdre_C_Q)         0.433     1.220 f  m_axis_tvalid_reg/Q
                         net (fo=4, unplaced)         0.623     1.843    m_axis_tvalid
                         LUT3 (Prop_lut3_I0_O)        0.232     2.075 r  m_axis_tdata[31]_i_2/O
                         net (fo=32, unplaced)        0.437     2.512    m_axis_tdata[31]_i_2_n_0
                         FDRE                                         r  m_axis_tdata_reg[14]/CE
  -------------------------------------------------------------------    -------------------

                         (clock aclk rise edge)      10.000    10.000 r
                                                      0.000    10.000 r  aclk (IN)
                         net (fo=33, unset)           0.748    10.748    aclk
                         FDRE                                         r  m_axis_tdata_reg[14]/C
                         clock pessimism              0.000    10.748
                         clock uncertainty           -0.035    10.712
                         FDRE (Setup_fdre_C_CE)      -0.136    10.576    m_axis_tdata_reg[14]
  -------------------------------------------------------------------
                         required time                         10.576
                         arrival time                          -2.512
  -------------------------------------------------------------------
                         slack                                  8.064

Slack (MET) :             8.064ns  (required time - arrival time)
  Source:                 m_axis_tvalid_reg/C
                            (rising edge-triggered cell FDRE clocked by aclk  {rise@0.000ns fall@5.000ns period=10.000ns})
  Destination:            m_axis_tdata_reg[15]/CE
                            (rising edge-triggered cell FDRE clocked by aclk  {rise@0.000ns fall@5.000ns period=10.000ns})
  Path Group:             aclk
  Path Type:              Setup (Max at Slow Process Corner)
  Requirement:            10.000ns  (aclk rise@10.000ns - aclk rise@0.000ns)
  Data Path Delay:        1.725ns  (logic 0.665ns (38.551%)  route 1.060ns (61.449%))
  Logic Levels:           1  (LUT3=1)
  Clock Path Skew:        -0.039ns (DCD - SCD + CPR)
    Destination Clock Delay (DCD):    0.748ns = ( 10.748 - 10.000 )
    Source Clock Delay      (SCD):    0.787ns
    Clock Pessimism Removal (CPR):    0.000ns
  Clock Uncertainty:      0.035ns  ((TSJ^2 + TIJ^2)^1/2 + DJ) / 2 + PE
    Total System Jitter     (TSJ):    0.071ns
    Total Input Jitter      (TIJ):    0.000ns
    Discrete Jitter          (DJ):    0.000ns
    Phase Error              (PE):    0.000ns

    Location             Delay type                Incr(ns)  Path(ns)    Netlist Resource(s)
  -------------------------------------------------------------------    -------------------
                         (clock aclk rise edge)       0.000     0.000 r
                                                      0.000     0.000 r  aclk (IN)
                         net (fo=33, unset)           0.787     0.787    aclk
                         FDRE                                         r  m_axis_tvalid_reg/C
  -------------------------------------------------------------------    -------------------
                         FDRE (Prop_fdre_C_Q)         0.433     1.220 f  m_axis_tvalid_reg/Q
                         net (fo=4, unplaced)         0.623     1.843    m_axis_tvalid
                         LUT3 (Prop_lut3_I0_O)        0.232     2.075 r  m_axis_tdata[31]_i_2/O
                         net (fo=32, unplaced)        0.437     2.512    m_axis_tdata[31]_i_2_n_0
                         FDRE                                         r  m_axis_tdata_reg[15]/CE
  -------------------------------------------------------------------    -------------------

                         (clock aclk rise edge)      10.000    10.000 r
                                                      0.000    10.000 r  aclk (IN)
                         net (fo=33, unset)           0.748    10.748    aclk
                         FDRE                                         r  m_axis_tdata_reg[15]/C
                         clock pessimism              0.000    10.748
                         clock uncertainty           -0.035    10.712
                         FDRE (Setup_fdre_C_CE)      -0.136    10.576    m_axis_tdata_reg[15]
  -------------------------------------------------------------------
                         required time                         10.576
                         arrival time                          -2.512
  -------------------------------------------------------------------
                         slack                                  8.064

Slack (MET) :             8.064ns  (required time - arrival time)
  Source:                 m_axis_tvalid_reg/C
                            (rising edge-triggered cell FDRE clocked by aclk  {rise@0.000ns fall@5.000ns period=10.000ns})
  Destination:            m_axis_tdata_reg[16]/CE
                            (rising edge-triggered cell FDRE clocked by aclk  {rise@0.000ns fall@5.000ns period=10.000ns})
  Path Group:             aclk
  Path Type:              Setup (Max at Slow Process Corner)
  Requirement:            10.000ns  (aclk rise@10.000ns - aclk rise@0.000ns)
  Data Path Delay:        1.725ns  (logic 0.665ns (38.551%)  route 1.060ns (61.449%))
  Logic Levels:           1  (LUT3=1)
  Clock Path Skew:        -0.039ns (DCD - SCD + CPR)
    Destination Clock Delay (DCD):    0.748ns = ( 10.748 - 10.000 )
    Source Clock Delay      (SCD):    0.787ns
    Clock Pessimism Removal (CPR):    0.000ns
  Clock Uncertainty:      0.035ns  ((TSJ^2 + TIJ^2)^1/2 + DJ) / 2 + PE
    Total System Jitter     (TSJ):    0.071ns
    Total Input Jitter      (TIJ):    0.000ns
    Discrete Jitter          (DJ):    0.000ns
    Phase Error              (PE):    0.000ns

    Location             Delay type                Incr(ns)  Path(ns)    Netlist Resource(s)
  -------------------------------------------------------------------    -------------------
                         (clock aclk rise edge)       0.000     0.000 r
                                                      0.000     0.000 r  aclk (IN)
                         net (fo=33, unset)           0.787     0.787    aclk
                         FDRE                                         r  m_axis_tvalid_reg/C
  -------------------------------------------------------------------    -------------------
                         FDRE (Prop_fdre_C_Q)         0.433     1.220 f  m_axis_tvalid_reg/Q
                         net (fo=4, unplaced)         0.623     1.843    m_axis_tvalid
                         LUT3 (Prop_lut3_I0_O)        0.232     2.075 r  m_axis_tdata[31]_i_2/O
                         net (fo=32, unplaced)        0.437     2.512    m_axis_tdata[31]_i_2_n_0
                         FDRE                                         r  m_axis_tdata_reg[16]/CE
  -------------------------------------------------------------------    -------------------

                         (clock aclk rise edge)      10.000    10.000 r
                                                      0.000    10.000 r  aclk (IN)
                         net (fo=33, unset)           0.748    10.748    aclk
                         FDRE                                         r  m_axis_tdata_reg[16]/C
                         clock pessimism              0.000    10.748
                         clock uncertainty           -0.035    10.712
                         FDRE (Setup_fdre_C_CE)      -0.136    10.576    m_axis_tdata_reg[16]
  -------------------------------------------------------------------
                         required time                         10.576
                         arrival time                          -2.512
  -------------------------------------------------------------------
                         slack                                  8.064

Slack (MET) :             8.064ns  (required time - arrival time)
  Source:                 m_axis_tvalid_reg/C
                            (rising edge-triggered cell FDRE clocked by aclk  {rise@0.000ns fall@5.000ns period=10.000ns})
  Destination:            m_axis_tdata_reg[17]/CE
                            (rising edge-triggered cell FDRE clocked by aclk  {rise@0.000ns fall@5.000ns period=10.000ns})
  Path Group:             aclk
  Path Type:              Setup (Max at Slow Process Corner)
  Requirement:            10.000ns  (aclk rise@10.000ns - aclk rise@0.000ns)
  Data Path Delay:        1.725ns  (logic 0.665ns (38.551%)  route 1.060ns (61.449%))
  Logic Levels:           1  (LUT3=1)
  Clock Path Skew:        -0.039ns (DCD - SCD + CPR)
    Destination Clock Delay (DCD):    0.748ns = ( 10.748 - 10.000 )
    Source Clock Delay      (SCD):    0.787ns
    Clock Pessimism Removal (CPR):    0.000ns
  Clock Uncertainty:      0.035ns  ((TSJ^2 + TIJ^2)^1/2 + DJ) / 2 + PE
    Total System Jitter     (TSJ):    0.071ns
    Total Input Jitter      (TIJ):    0.000ns
    Discrete Jitter          (DJ):    0.000ns
    Phase Error              (PE):    0.000ns

    Location             Delay type                Incr(ns)  Path(ns)    Netlist Resource(s)
  -------------------------------------------------------------------    -------------------
                         (clock aclk rise edge)       0.000     0.000 r
                                                      0.000     0.000 r  aclk (IN)
                         net (fo=33, unset)           0.787     0.787    aclk
                         FDRE                                         r  m_axis_tvalid_reg/C
  -------------------------------------------------------------------    -------------------
                         FDRE (Prop_fdre_C_Q)         0.433     1.220 f  m_axis_tvalid_reg/Q
                         net (fo=4, unplaced)         0.623     1.843    m_axis_tvalid
                         LUT3 (Prop_lut3_I0_O)        0.232     2.075 r  m_axis_tdata[31]_i_2/O
                         net (fo=32, unplaced)        0.437     2.512    m_axis_tdata[31]_i_2_n_0
                         FDRE                                         r  m_axis_tdata_reg[17]/CE
  -------------------------------------------------------------------    -------------------

                         (clock aclk rise edge)      10.000    10.000 r
                                                      0.000    10.000 r  aclk (IN)
                         net (fo=33, unset)           0.748    10.748    aclk
                         FDRE                                         r  m_axis_tdata_reg[17]/C
                         clock pessimism              0.000    10.748
                         clock uncertainty           -0.035    10.712
                         FDRE (Setup_fdre_C_CE)      -0.136    10.576    m_axis_tdata_reg[17]
  -------------------------------------------------------------------
                         required time                         10.576
                         arrival time                          -2.512
  -------------------------------------------------------------------
                         slack                                  8.064

Slack (MET) :             8.064ns  (required time - arrival time)
  Source:                 m_axis_tvalid_reg/C
                            (rising edge-triggered cell FDRE clocked by aclk  {rise@0.000ns fall@5.000ns period=10.000ns})
  Destination:            m_axis_tdata_reg[18]/CE
                            (rising edge-triggered cell FDRE clocked by aclk  {rise@0.000ns fall@5.000ns period=10.000ns})
  Path Group:             aclk
  Path Type:              Setup (Max at Slow Process Corner)
  Requirement:            10.000ns  (aclk rise@10.000ns - aclk rise@0.000ns)
  Data Path Delay:        1.725ns  (logic 0.665ns (38.551%)  route 1.060ns (61.449%))
  Logic Levels:           1  (LUT3=1)
  Clock Path Skew:        -0.039ns (DCD - SCD + CPR)
    Destination Clock Delay (DCD):    0.748ns = ( 10.748 - 10.000 )
    Source Clock Delay      (SCD):    0.787ns
    Clock Pessimism Removal (CPR):    0.000ns
  Clock Uncertainty:      0.035ns  ((TSJ^2 + TIJ^2)^1/2 + DJ) / 2 + PE
    Total System Jitter     (TSJ):    0.071ns
    Total Input Jitter      (TIJ):    0.000ns
    Discrete Jitter          (DJ):    0.000ns
    Phase Error              (PE):    0.000ns

    Location             Delay type                Incr(ns)  Path(ns)    Netlist Resource(s)
  -------------------------------------------------------------------    -------------------
                         (clock aclk rise edge)       0.000     0.000 r
                                                      0.000     0.000 r  aclk (IN)
                         net (fo=33, unset)           0.787     0.787    aclk
                         FDRE                                         r  m_axis_tvalid_reg/C
  -------------------------------------------------------------------    -------------------
                         FDRE (Prop_fdre_C_Q)         0.433     1.220 f  m_axis_tvalid_reg/Q
                         net (fo=4, unplaced)         0.623     1.843    m_axis_tvalid
                         LUT3 (Prop_lut3_I0_O)        0.232     2.075 r  m_axis_tdata[31]_i_2/O
                         net (fo=32, unplaced)        0.437     2.512    m_axis_tdata[31]_i_2_n_0
                         FDRE                                         r  m_axis_tdata_reg[18]/CE
  -------------------------------------------------------------------    -------------------

                         (clock aclk rise edge)      10.000    10.000 r
                                                      0.000    10.000 r  aclk (IN)
                         net (fo=33, unset)           0.748    10.748    aclk
                         FDRE                                         r  m_axis_tdata_reg[18]/C
                         clock pessimism              0.000    10.748
                         clock uncertainty           -0.035    10.712
                         FDRE (Setup_fdre_C_CE)      -0.136    10.576    m_axis_tdata_reg[18]
  -------------------------------------------------------------------
                         required time                         10.576
                         arrival time                          -2.512
  -------------------------------------------------------------------
                         slack                                  8.064





Pulse Width Checks
--------------------------------------------------------------------------------------
Clock Name:         aclk
Waveform(ns):       { 0.000 5.000 }
Period(ns):         10.000
Sources:            { aclk }

Check Type        Corner  Lib Pin  Reference Pin  Required(ns)  Actual(ns)  Slack(ns)  Location  Pin
Min Period        n/a     FDRE/C   n/a            1.000         10.000      9.000                m_axis_tdata_reg[0]/C
Min Period        n/a     FDRE/C   n/a            1.000         10.000      9.000                m_axis_tdata_reg[10]/C
Min Period        n/a     FDRE/C   n/a            1.000         10.000      9.000                m_axis_tdata_reg[11]/C
Min Period        n/a     FDRE/C   n/a            1.000         10.000      9.000                m_axis_tdata_reg[12]/C
Min Period        n/a     FDRE/C   n/a            1.000         10.000      9.000                m_axis_tdata_reg[13]/C
Min Period        n/a     FDRE/C   n/a            1.000         10.000      9.000                m_axis_tdata_reg[14]/C
Min Period        n/a     FDRE/C   n/a            1.000         10.000      9.000                m_axis_tdata_reg[15]/C
Min Period        n/a     FDRE/C   n/a            1.000         10.000      9.000                m_axis_tdata_reg[16]/C
Min Period        n/a     FDRE/C   n/a            1.000         10.000      9.000                m_axis_tdata_reg[17]/C
Min Period        n/a     FDRE/C   n/a            1.000         10.000      9.000                m_axis_tdata_reg[18]/C
Low Pulse Width   Slow    FDRE/C   n/a            0.500         5.000       4.500                m_axis_tdata_reg[0]/C
Low Pulse Width   Fast    FDRE/C   n/a            0.500         5.000       4.500                m_axis_tdata_reg[0]/C
Low Pulse Width   Slow    FDRE/C   n/a            0.500         5.000       4.500                m_axis_tdata_reg[10]/C
Low Pulse Width   Fast    FDRE/C   n/a            0.500         5.000       4.500                m_axis_tdata_reg[10]/C
Low Pulse Width   Slow    FDRE/C   n/a            0.500         5.000       4.500                m_axis_tdata_reg[11]/C
Low Pulse Width   Fast    FDRE/C   n/a            0.500         5.000       4.500                m_axis_tdata_reg[11]/C
Low Pulse Width   Slow    FDRE/C   n/a            0.500         5.000       4.500                m_axis_tdata_reg[12]/C
Low Pulse Width   Fast    FDRE/C   n/a            0.500         5.000       4.500                m_axis_tdata_reg[12]/C
Low Pulse Width   Slow    FDRE/C   n/a            0.500         5.000       4.500                m_axis_tdata_reg[13]/C
Low Pulse Width   Fast    FDRE/C   n/a            0.500         5.000       4.500                m_axis_tdata_reg[13]/C
High Pulse Width  Slow    FDRE/C   n/a            0.500         5.000       4.500                m_axis_tdata_reg[0]/C
High Pulse Width  Fast    FDRE/C   n/a            0.500         5.000       4.500                m_axis_tdata_reg[0]/C
High Pulse Width  Slow    FDRE/C   n/a            0.500         5.000       4.500                m_axis_tdata_reg[10]/C
High Pulse Width  Fast    FDRE/C   n/a            0.500         5.000       4.500                m_axis_tdata_reg[10]/C
High Pulse Width  Slow    FDRE/C   n/a            0.500         5.000       4.500                m_axis_tdata_reg[11]/C
High Pulse Width  Fast    FDRE/C   n/a            0.500         5.000       4.500                m_axis_tdata_reg[11]/C
High Pulse Width  Slow    FDRE/C   n/a            0.500         5.000       4.500                m_axis_tdata_reg[12]/C
High Pulse Width  Fast    FDRE/C   n/a            0.500         5.000       4.500                m_axis_tdata_reg[12]/C
High Pulse Width  Slow    FDRE/C   n/a            0.500         5.000       4.500                m_axis_tdata_reg[13]/C
High Pulse Width  Fast    FDRE/C   n/a            0.500         5.000       4.500                m_axis_tdata_reg[13]/C
