Copyright 1986-2021 Xilinx, Inc. All Rights Reserved.
-------------------------------------------------------------------------------------------------------------------------------------------------------------------
| Tool Version : Vivado v.2021.1 (win64) Build 3247384 Thu Jun 10 19:36:33 MDT 2021
| Date         : Fri Jun 19 01:08:12 2026
| Host         : WIN-F9DVUKQOSB0 running 64-bit major release  (build 9200)
| Command      : report_timing_summary -delay_type max -max_paths 10 -file G:/Programs/zynq-sdr-course/reports/fpga/vivado_ooc_raw/nco_mixer_iq_timing_summary.rpt
| Design       : nco_mixer_iq
| Device       : 7z020-clg400
| Speed File   : -2  PRODUCTION 1.12 2019-11-22
-------------------------------------------------------------------------------------------------------------------------------------------------------------------

Timing Summary Report

------------------------------------------------------------------------------------------------
| Timer Settings
| --------------
------------------------------------------------------------------------------------------------

  Enable Multi Corner Analysis               :  Yes
  Enable Pessimism Removal                   :  Yes
  Pessimism Removal Resolution               :  Nearest Common Node
  Enable Input Delay Default Clock           :  No
  Enable Preset / Clear Arcs                 :  No
  Disable Flight Delays                      :  No
  Ignore I/O Paths                           :  No
  Timing Early Launch at Borrowing Latches   :  No
  Borrow Time for Max Delay Exceptions       :  Yes
  Merge Timing Exceptions                    :  Yes

  Corner  Analyze    Analyze    
  Name    Max Paths  Min Paths  
  ------  ---------  ---------  
  Slow    Yes        Yes        
  Fast    Yes        Yes        


------------------------------------------------------------------------------------------------
| Report Methodology
| ------------------
------------------------------------------------------------------------------------------------

No report available as report_methodology has not been run prior. Run report_methodology on the current design for the summary of methodology violations.



check_timing report

Table of Contents
-----------------
1. checking no_clock (0)
2. checking constant_clock (0)
3. checking pulse_width_clock (0)
4. checking unconstrained_internal_endpoints (0)
5. checking no_input_delay (34)
6. checking no_output_delay (33)
7. checking multiple_clock (0)
8. checking generated_clocks (0)
9. checking loops (0)
10. checking partial_input_delay (0)
11. checking partial_output_delay (0)
12. checking latch_loops (0)

1. checking no_clock (0)
------------------------
 There are 0 register/latch pins with no clock.


2. checking constant_clock (0)
------------------------------
 There are 0 register/latch pins with constant_clock.


3. checking pulse_width_clock (0)
---------------------------------
 There are 0 register/latch pins which need pulse_width check


4. checking unconstrained_internal_endpoints (0)
------------------------------------------------
 There are 0 pins that are not constrained for maximum delay.

 There are 0 pins that are not constrained for maximum delay due to constant clock.


5. checking no_input_delay (34)
-------------------------------
 There are 34 input ports with no input delay specified. (HIGH)

 There are 0 input ports with no input delay but user has a false path constraint.


6. checking no_output_delay (33)
--------------------------------
 There are 33 ports with no output delay specified. (HIGH)

 There are 0 ports with no output delay but user has a false path constraint

 There are 0 ports with no output delay but with a timing clock defined on it or propagating through it


7. checking multiple_clock (0)
------------------------------
 There are 0 register/latch pins with multiple clocks.


8. checking generated_clocks (0)
--------------------------------
 There are 0 generated clocks that are not connected to a clock source.


9. checking loops (0)
---------------------
 There are 0 combinational loops in the design.


10. checking partial_input_delay (0)
------------------------------------
 There are 0 input ports with partial input delay specified.


11. checking partial_output_delay (0)
-------------------------------------
 There are 0 ports with partial output delay specified.


12. checking latch_loops (0)
----------------------------
 There are 0 combinational latch loops in the design through latch input



------------------------------------------------------------------------------------------------
| Design Timing Summary
| ---------------------
------------------------------------------------------------------------------------------------

    WNS(ns)      TNS(ns)  TNS Failing Endpoints  TNS Total Endpoints     WPWS(ns)     TPWS(ns)  TPWS Failing Endpoints  TPWS Total Endpoints  
    -------      -------  ---------------------  -------------------     --------     --------  ----------------------  --------------------  
     -0.807      -11.845                     16                   36        4.500        0.000                       0                    37  


Timing constraints are not met.


------------------------------------------------------------------------------------------------
| Clock Summary
| -------------
------------------------------------------------------------------------------------------------

Clock  Waveform(ns)       Period(ns)      Frequency(MHz)
-----  ------------       ----------      --------------
clk    {0.000 5.000}      10.000          100.000         


------------------------------------------------------------------------------------------------
| Intra Clock Table
| -----------------
------------------------------------------------------------------------------------------------

Clock             WNS(ns)      TNS(ns)  TNS Failing Endpoints  TNS Total Endpoints     WPWS(ns)     TPWS(ns)  TPWS Failing Endpoints  TPWS Total Endpoints  
-----             -------      -------  ---------------------  -------------------     --------     --------  ----------------------  --------------------  
clk                -0.807      -11.845                     16                   36        4.500        0.000                       0                    37  


------------------------------------------------------------------------------------------------
| Inter Clock Table
| -----------------
------------------------------------------------------------------------------------------------

From Clock    To Clock          WNS(ns)      TNS(ns)  TNS Failing Endpoints  TNS Total Endpoints  
----------    --------          -------      -------  ---------------------  -------------------  


------------------------------------------------------------------------------------------------
| Other Path Groups Table
| -----------------------
------------------------------------------------------------------------------------------------

Path Group    From Clock    To Clock          WNS(ns)      TNS(ns)  TNS Failing Endpoints  TNS Total Endpoints  
----------    ----------    --------          -------      -------  ---------------------  -------------------  


------------------------------------------------------------------------------------------------
| Timing Details
| --------------
------------------------------------------------------------------------------------------------


---------------------------------------------------------------------------------------------------
From Clock:  clk
  To Clock:  clk

Setup :           16  Failing Endpoints,  Worst Slack       -0.807ns,  Total Violation      -11.845ns
Hold  :           NA  Failing Endpoints,  Worst Slack           NA  ,  Total Violation           NA
PW    :            0  Failing Endpoints,  Worst Slack        4.500ns,  Total Violation        0.000ns
---------------------------------------------------------------------------------------------------


Max Delay Paths
--------------------------------------------------------------------------------------
Slack (VIOLATED) :        -0.807ns  (required time - arrival time)
  Source:                 phase_reg[0]/C
                            (rising edge-triggered cell FDRE clocked by clk  {rise@0.000ns fall@5.000ns period=10.000ns})
  Destination:            out_q_reg[15]/D
                            (rising edge-triggered cell FDRE clocked by clk  {rise@0.000ns fall@5.000ns period=10.000ns})
  Path Group:             clk
  Path Type:              Setup (Max at Slow Process Corner)
  Requirement:            10.000ns  (clk rise@10.000ns - clk rise@0.000ns)
  Data Path Delay:        10.804ns  (logic 7.766ns (71.880%)  route 3.038ns (28.120%))
  Logic Levels:           15  (CARRY4=10 DSP48E1=2 LUT1=1 LUT3=1 LUT4=1)
  Clock Path Skew:        -0.039ns (DCD - SCD + CPR)
    Destination Clock Delay (DCD):    0.748ns = ( 10.748 - 10.000 ) 
    Source Clock Delay      (SCD):    0.787ns
    Clock Pessimism Removal (CPR):    0.000ns
  Clock Uncertainty:      0.035ns  ((TSJ^2 + TIJ^2)^1/2 + DJ) / 2 + PE
    Total System Jitter     (TSJ):    0.071ns
    Total Input Jitter      (TIJ):    0.000ns
    Discrete Jitter          (DJ):    0.000ns
    Phase Error              (PE):    0.000ns

    Location             Delay type                Incr(ns)  Path(ns)    Netlist Resource(s)
  -------------------------------------------------------------------    -------------------
                         (clock clk rise edge)        0.000     0.000 r  
                                                      0.000     0.000 r  clk (IN)
                         net (fo=36, unset)           0.787     0.787    clk
                         FDRE                                         r  phase_reg[0]/C
  -------------------------------------------------------------------    -------------------
                         FDRE (Prop_fdre_C_Q)         0.433     1.220 r  phase_reg[0]/Q
                         net (fo=28, unplaced)        0.667     1.887    phase_reg[0]
                         LUT4 (Prop_lut4_I1_O)        0.232     2.119 r  round_q15_return0_i_6/O
                         net (fo=2, unplaced)         0.646     2.765    sin_lut[10]
                         DSP48E1 (Prop_dsp48e1_B[10]_PCOUT[47])
                                                      3.244     6.009 r  value0/PCOUT[47]
                         net (fo=1, unplaced)         0.055     6.064    value0_n_106
                         DSP48E1 (Prop_dsp48e1_PCIN[47]_P[14])
                                                      1.271     7.335 f  round_q15_return0__1/P[14]
                         net (fo=2, unplaced)         0.646     7.980    round_q15_return0__1_n_91
                         LUT1 (Prop_lut1_I0_O)        0.105     8.085 r  out_q[1]_i_3/O
                         net (fo=1, unplaced)         0.000     8.085    out_q[1]_i_3_n_0
                         CARRY4 (Prop_carry4_S[1]_CO[3])
                                                      0.444     8.529 r  out_q_reg[1]_i_2/CO[3]
                         net (fo=1, unplaced)         0.008     8.537    out_q_reg[1]_i_2_n_0
                         CARRY4 (Prop_carry4_CI_CO[3])
                                                      0.100     8.637 r  out_q_reg[5]_i_2/CO[3]
                         net (fo=1, unplaced)         0.000     8.637    out_q_reg[5]_i_2_n_0
                         CARRY4 (Prop_carry4_CI_CO[3])
                                                      0.100     8.737 r  out_q_reg[9]_i_2/CO[3]
                         net (fo=1, unplaced)         0.000     8.737    out_q_reg[9]_i_2_n_0
                         CARRY4 (Prop_carry4_CI_CO[3])
                                                      0.100     8.837 r  out_q_reg[13]_i_2/CO[3]
                         net (fo=1, unplaced)         0.000     8.837    out_q_reg[13]_i_2_n_0
                         CARRY4 (Prop_carry4_CI_CO[3])
                                                      0.100     8.937 r  out_q_reg[15]_i_2/CO[3]
                         net (fo=1, unplaced)         0.000     8.937    out_q_reg[15]_i_2_n_0
                         CARRY4 (Prop_carry4_CI_CO[3])
                                                      0.100     9.037 r  out_q_reg[15]_i_14/CO[3]
                         net (fo=1, unplaced)         0.000     9.037    out_q_reg[15]_i_14_n_0
                         CARRY4 (Prop_carry4_CI_O[2])
                                                      0.214     9.251 r  out_q_reg[15]_i_6/O[2]
                         net (fo=30, unplaced)        0.601     9.852    round_q15_return0__2[39]
                         CARRY4 (Prop_carry4_S[1]_CO[3])
                                                      0.688    10.540 r  out_q_reg[15]_i_9/CO[3]
                         net (fo=1, unplaced)         0.000    10.540    out_q_reg[15]_i_9_n_0
                         CARRY4 (Prop_carry4_CI_CO[3])
                                                      0.100    10.640 r  out_q_reg[15]_i_5/CO[3]
                         net (fo=1, unplaced)         0.000    10.640    out_q_reg[15]_i_5_n_0
                         CARRY4 (Prop_carry4_CI_CO[0])
                                                      0.238    10.878 r  out_q_reg[15]_i_3/CO[0]
                         net (fo=16, unplaced)        0.416    11.294    out_q_reg[15]_i_3_n_3
                         LUT3 (Prop_lut3_I1_O)        0.297    11.591 r  out_q[15]_i_1/O
                         net (fo=1, unplaced)         0.000    11.591    out_q[15]_i_1_n_0
                         FDRE                                         r  out_q_reg[15]/D
  -------------------------------------------------------------------    -------------------

                         (clock clk rise edge)       10.000    10.000 r  
                                                      0.000    10.000 r  clk (IN)
                         net (fo=36, unset)           0.748    10.748    clk
                         FDRE                                         r  out_q_reg[15]/C
                         clock pessimism              0.000    10.748    
                         clock uncertainty           -0.035    10.712    
                         FDRE (Setup_fdre_C_D)        0.072    10.784    out_q_reg[15]
  -------------------------------------------------------------------
                         required time                         10.784    
                         arrival time                         -11.591    
  -------------------------------------------------------------------
                         slack                                 -0.807    

Slack (VIOLATED) :        -0.736ns  (required time - arrival time)
  Source:                 phase_reg[0]/C
                            (rising edge-triggered cell FDRE clocked by clk  {rise@0.000ns fall@5.000ns period=10.000ns})
  Destination:            out_q_reg[0]/D
                            (rising edge-triggered cell FDRE clocked by clk  {rise@0.000ns fall@5.000ns period=10.000ns})
  Path Group:             clk
  Path Type:              Setup (Max at Slow Process Corner)
  Requirement:            10.000ns  (clk rise@10.000ns - clk rise@0.000ns)
  Data Path Delay:        10.733ns  (logic 7.745ns (72.160%)  route 2.988ns (27.840%))
  Logic Levels:           16  (CARRY4=10 DSP48E1=2 LUT1=1 LUT2=1 LUT3=1 LUT4=1)
  Clock Path Skew:        -0.039ns (DCD - SCD + CPR)
    Destination Clock Delay (DCD):    0.748ns = ( 10.748 - 10.000 ) 
    Source Clock Delay      (SCD):    0.787ns
    Clock Pessimism Removal (CPR):    0.000ns
  Clock Uncertainty:      0.035ns  ((TSJ^2 + TIJ^2)^1/2 + DJ) / 2 + PE
    Total System Jitter     (TSJ):    0.071ns
    Total Input Jitter      (TIJ):    0.000ns
    Discrete Jitter          (DJ):    0.000ns
    Phase Error              (PE):    0.000ns

    Location             Delay type                Incr(ns)  Path(ns)    Netlist Resource(s)
  -------------------------------------------------------------------    -------------------
                         (clock clk rise edge)        0.000     0.000 r  
                                                      0.000     0.000 r  clk (IN)
                         net (fo=36, unset)           0.787     0.787    clk
                         FDRE                                         r  phase_reg[0]/C
  -------------------------------------------------------------------    -------------------
                         FDRE (Prop_fdre_C_Q)         0.433     1.220 r  phase_reg[0]/Q
                         net (fo=28, unplaced)        0.667     1.887    phase_reg[0]
                         LUT4 (Prop_lut4_I1_O)        0.232     2.119 r  round_q15_return0_i_6/O
                         net (fo=2, unplaced)         0.646     2.765    sin_lut[10]
                         DSP48E1 (Prop_dsp48e1_B[10]_PCOUT[47])
                                                      3.244     6.009 r  value0/PCOUT[47]
                         net (fo=1, unplaced)         0.055     6.064    value0_n_106
                         DSP48E1 (Prop_dsp48e1_PCIN[47]_P[14])
                                                      1.271     7.335 f  round_q15_return0__1/P[14]
                         net (fo=2, unplaced)         0.646     7.980    round_q15_return0__1_n_91
                         LUT1 (Prop_lut1_I0_O)        0.105     8.085 r  out_q[1]_i_3/O
                         net (fo=1, unplaced)         0.000     8.085    out_q[1]_i_3_n_0
                         CARRY4 (Prop_carry4_S[1]_CO[3])
                                                      0.444     8.529 r  out_q_reg[1]_i_2/CO[3]
                         net (fo=1, unplaced)         0.008     8.537    out_q_reg[1]_i_2_n_0
                         CARRY4 (Prop_carry4_CI_CO[3])
                                                      0.100     8.637 r  out_q_reg[5]_i_2/CO[3]
                         net (fo=1, unplaced)         0.000     8.637    out_q_reg[5]_i_2_n_0
                         CARRY4 (Prop_carry4_CI_CO[3])
                                                      0.100     8.737 r  out_q_reg[9]_i_2/CO[3]
                         net (fo=1, unplaced)         0.000     8.737    out_q_reg[9]_i_2_n_0
                         CARRY4 (Prop_carry4_CI_CO[3])
                                                      0.100     8.837 r  out_q_reg[13]_i_2/CO[3]
                         net (fo=1, unplaced)         0.000     8.837    out_q_reg[13]_i_2_n_0
                         CARRY4 (Prop_carry4_CI_CO[3])
                                                      0.100     8.937 r  out_q_reg[15]_i_2/CO[3]
                         net (fo=1, unplaced)         0.000     8.937    out_q_reg[15]_i_2_n_0
                         CARRY4 (Prop_carry4_CI_O[3])
                                                      0.277     9.214 r  out_q_reg[15]_i_14/O[3]
                         net (fo=4, unplaced)         0.543     9.757    round_q15_return0__2[36]
                         LUT2 (Prop_lut2_I1_O)        0.253    10.010 r  out_q[15]_i_40/O
                         net (fo=1, unplaced)         0.000    10.010    out_q[15]_i_40_n_0
                         CARRY4 (Prop_carry4_DI[3]_CO[3])
                                                      0.351    10.361 r  out_q_reg[15]_i_26/CO[3]
                         net (fo=1, unplaced)         0.008    10.369    out_q_reg[15]_i_26_n_0
                         CARRY4 (Prop_carry4_CI_CO[3])
                                                      0.100    10.469 r  out_q_reg[15]_i_15/CO[3]
                         net (fo=1, unplaced)         0.000    10.469    out_q_reg[15]_i_15_n_0
                         CARRY4 (Prop_carry4_CI_CO[3])
                                                      0.100    10.569 r  out_q_reg[15]_i_7/CO[3]
                         net (fo=1, unplaced)         0.000    10.569    out_q_reg[15]_i_7_n_0
                         CARRY4 (Prop_carry4_CI_CO[0])
                                                      0.238    10.807 r  out_q_reg[15]_i_4/CO[0]
                         net (fo=16, unplaced)        0.416    11.223    out_q_reg[15]_i_4_n_3
                         LUT3 (Prop_lut3_I0_O)        0.297    11.520 r  out_q[0]_i_1/O
                         net (fo=1, unplaced)         0.000    11.520    sat_q15_return__0[0]
                         FDRE                                         r  out_q_reg[0]/D
  -------------------------------------------------------------------    -------------------

                         (clock clk rise edge)       10.000    10.000 r  
                                                      0.000    10.000 r  clk (IN)
                         net (fo=36, unset)           0.748    10.748    clk
                         FDRE                                         r  out_q_reg[0]/C
                         clock pessimism              0.000    10.748    
                         clock uncertainty           -0.035    10.712    
                         FDRE (Setup_fdre_C_D)        0.072    10.784    out_q_reg[0]
  -------------------------------------------------------------------
                         required time                         10.784    
                         arrival time                         -11.520    
  -------------------------------------------------------------------
                         slack                                 -0.736    

Slack (VIOLATED) :        -0.736ns  (required time - arrival time)
  Source:                 phase_reg[0]/C
                            (rising edge-triggered cell FDRE clocked by clk  {rise@0.000ns fall@5.000ns period=10.000ns})
  Destination:            out_q_reg[10]/D
                            (rising edge-triggered cell FDRE clocked by clk  {rise@0.000ns fall@5.000ns period=10.000ns})
  Path Group:             clk
  Path Type:              Setup (Max at Slow Process Corner)
  Requirement:            10.000ns  (clk rise@10.000ns - clk rise@0.000ns)
  Data Path Delay:        10.733ns  (logic 7.745ns (72.160%)  route 2.988ns (27.840%))
  Logic Levels:           16  (CARRY4=10 DSP48E1=2 LUT1=1 LUT2=1 LUT3=1 LUT4=1)
  Clock Path Skew:        -0.039ns (DCD - SCD + CPR)
    Destination Clock Delay (DCD):    0.748ns = ( 10.748 - 10.000 ) 
    Source Clock Delay      (SCD):    0.787ns
    Clock Pessimism Removal (CPR):    0.000ns
  Clock Uncertainty:      0.035ns  ((TSJ^2 + TIJ^2)^1/2 + DJ) / 2 + PE
    Total System Jitter     (TSJ):    0.071ns
    Total Input Jitter      (TIJ):    0.000ns
    Discrete Jitter          (DJ):    0.000ns
    Phase Error              (PE):    0.000ns

    Location             Delay type                Incr(ns)  Path(ns)    Netlist Resource(s)
  -------------------------------------------------------------------    -------------------
                         (clock clk rise edge)        0.000     0.000 r  
                                                      0.000     0.000 r  clk (IN)
                         net (fo=36, unset)           0.787     0.787    clk
                         FDRE                                         r  phase_reg[0]/C
  -------------------------------------------------------------------    -------------------
                         FDRE (Prop_fdre_C_Q)         0.433     1.220 r  phase_reg[0]/Q
                         net (fo=28, unplaced)        0.667     1.887    phase_reg[0]
                         LUT4 (Prop_lut4_I1_O)        0.232     2.119 r  round_q15_return0_i_6/O
                         net (fo=2, unplaced)         0.646     2.765    sin_lut[10]
                         DSP48E1 (Prop_dsp48e1_B[10]_PCOUT[47])
                                                      3.244     6.009 r  value0/PCOUT[47]
                         net (fo=1, unplaced)         0.055     6.064    value0_n_106
                         DSP48E1 (Prop_dsp48e1_PCIN[47]_P[14])
                                                      1.271     7.335 f  round_q15_return0__1/P[14]
                         net (fo=2, unplaced)         0.646     7.980    round_q15_return0__1_n_91
                         LUT1 (Prop_lut1_I0_O)        0.105     8.085 r  out_q[1]_i_3/O
                         net (fo=1, unplaced)         0.000     8.085    out_q[1]_i_3_n_0
                         CARRY4 (Prop_carry4_S[1]_CO[3])
                                                      0.444     8.529 r  out_q_reg[1]_i_2/CO[3]
                         net (fo=1, unplaced)         0.008     8.537    out_q_reg[1]_i_2_n_0
                         CARRY4 (Prop_carry4_CI_CO[3])
                                                      0.100     8.637 r  out_q_reg[5]_i_2/CO[3]
                         net (fo=1, unplaced)         0.000     8.637    out_q_reg[5]_i_2_n_0
                         CARRY4 (Prop_carry4_CI_CO[3])
                                                      0.100     8.737 r  out_q_reg[9]_i_2/CO[3]
                         net (fo=1, unplaced)         0.000     8.737    out_q_reg[9]_i_2_n_0
                         CARRY4 (Prop_carry4_CI_CO[3])
                                                      0.100     8.837 r  out_q_reg[13]_i_2/CO[3]
                         net (fo=1, unplaced)         0.000     8.837    out_q_reg[13]_i_2_n_0
                         CARRY4 (Prop_carry4_CI_CO[3])
                                                      0.100     8.937 r  out_q_reg[15]_i_2/CO[3]
                         net (fo=1, unplaced)         0.000     8.937    out_q_reg[15]_i_2_n_0
                         CARRY4 (Prop_carry4_CI_O[3])
                                                      0.277     9.214 r  out_q_reg[15]_i_14/O[3]
                         net (fo=4, unplaced)         0.543     9.757    round_q15_return0__2[36]
                         LUT2 (Prop_lut2_I1_O)        0.253    10.010 r  out_q[15]_i_40/O
                         net (fo=1, unplaced)         0.000    10.010    out_q[15]_i_40_n_0
                         CARRY4 (Prop_carry4_DI[3]_CO[3])
                                                      0.351    10.361 r  out_q_reg[15]_i_26/CO[3]
                         net (fo=1, unplaced)         0.008    10.369    out_q_reg[15]_i_26_n_0
                         CARRY4 (Prop_carry4_CI_CO[3])
                                                      0.100    10.469 r  out_q_reg[15]_i_15/CO[3]
                         net (fo=1, unplaced)         0.000    10.469    out_q_reg[15]_i_15_n_0
                         CARRY4 (Prop_carry4_CI_CO[3])
                                                      0.100    10.569 r  out_q_reg[15]_i_7/CO[3]
                         net (fo=1, unplaced)         0.000    10.569    out_q_reg[15]_i_7_n_0
                         CARRY4 (Prop_carry4_CI_CO[0])
                                                      0.238    10.807 r  out_q_reg[15]_i_4/CO[0]
                         net (fo=16, unplaced)        0.416    11.223    out_q_reg[15]_i_4_n_3
                         LUT3 (Prop_lut3_I0_O)        0.297    11.520 r  out_q[10]_i_1/O
                         net (fo=1, unplaced)         0.000    11.520    sat_q15_return__0[10]
                         FDRE                                         r  out_q_reg[10]/D
  -------------------------------------------------------------------    -------------------

                         (clock clk rise edge)       10.000    10.000 r  
                                                      0.000    10.000 r  clk (IN)
                         net (fo=36, unset)           0.748    10.748    clk
                         FDRE                                         r  out_q_reg[10]/C
                         clock pessimism              0.000    10.748    
                         clock uncertainty           -0.035    10.712    
                         FDRE (Setup_fdre_C_D)        0.072    10.784    out_q_reg[10]
  -------------------------------------------------------------------
                         required time                         10.784    
                         arrival time                         -11.520    
  -------------------------------------------------------------------
                         slack                                 -0.736    

Slack (VIOLATED) :        -0.736ns  (required time - arrival time)
  Source:                 phase_reg[0]/C
                            (rising edge-triggered cell FDRE clocked by clk  {rise@0.000ns fall@5.000ns period=10.000ns})
  Destination:            out_q_reg[11]/D
                            (rising edge-triggered cell FDRE clocked by clk  {rise@0.000ns fall@5.000ns period=10.000ns})
  Path Group:             clk
  Path Type:              Setup (Max at Slow Process Corner)
  Requirement:            10.000ns  (clk rise@10.000ns - clk rise@0.000ns)
  Data Path Delay:        10.733ns  (logic 7.745ns (72.160%)  route 2.988ns (27.840%))
  Logic Levels:           16  (CARRY4=10 DSP48E1=2 LUT1=1 LUT2=1 LUT3=1 LUT4=1)
  Clock Path Skew:        -0.039ns (DCD - SCD + CPR)
    Destination Clock Delay (DCD):    0.748ns = ( 10.748 - 10.000 ) 
    Source Clock Delay      (SCD):    0.787ns
    Clock Pessimism Removal (CPR):    0.000ns
  Clock Uncertainty:      0.035ns  ((TSJ^2 + TIJ^2)^1/2 + DJ) / 2 + PE
    Total System Jitter     (TSJ):    0.071ns
    Total Input Jitter      (TIJ):    0.000ns
    Discrete Jitter          (DJ):    0.000ns
    Phase Error              (PE):    0.000ns

    Location             Delay type                Incr(ns)  Path(ns)    Netlist Resource(s)
  -------------------------------------------------------------------    -------------------
                         (clock clk rise edge)        0.000     0.000 r  
                                                      0.000     0.000 r  clk (IN)
                         net (fo=36, unset)           0.787     0.787    clk
                         FDRE                                         r  phase_reg[0]/C
  -------------------------------------------------------------------    -------------------
                         FDRE (Prop_fdre_C_Q)         0.433     1.220 r  phase_reg[0]/Q
                         net (fo=28, unplaced)        0.667     1.887    phase_reg[0]
                         LUT4 (Prop_lut4_I1_O)        0.232     2.119 r  round_q15_return0_i_6/O
                         net (fo=2, unplaced)         0.646     2.765    sin_lut[10]
                         DSP48E1 (Prop_dsp48e1_B[10]_PCOUT[47])
                                                      3.244     6.009 r  value0/PCOUT[47]
                         net (fo=1, unplaced)         0.055     6.064    value0_n_106
                         DSP48E1 (Prop_dsp48e1_PCIN[47]_P[14])
                                                      1.271     7.335 f  round_q15_return0__1/P[14]
                         net (fo=2, unplaced)         0.646     7.980    round_q15_return0__1_n_91
                         LUT1 (Prop_lut1_I0_O)        0.105     8.085 r  out_q[1]_i_3/O
                         net (fo=1, unplaced)         0.000     8.085    out_q[1]_i_3_n_0
                         CARRY4 (Prop_carry4_S[1]_CO[3])
                                                      0.444     8.529 r  out_q_reg[1]_i_2/CO[3]
                         net (fo=1, unplaced)         0.008     8.537    out_q_reg[1]_i_2_n_0
                         CARRY4 (Prop_carry4_CI_CO[3])
                                                      0.100     8.637 r  out_q_reg[5]_i_2/CO[3]
                         net (fo=1, unplaced)         0.000     8.637    out_q_reg[5]_i_2_n_0
                         CARRY4 (Prop_carry4_CI_CO[3])
                                                      0.100     8.737 r  out_q_reg[9]_i_2/CO[3]
                         net (fo=1, unplaced)         0.000     8.737    out_q_reg[9]_i_2_n_0
                         CARRY4 (Prop_carry4_CI_CO[3])
                                                      0.100     8.837 r  out_q_reg[13]_i_2/CO[3]
                         net (fo=1, unplaced)         0.000     8.837    out_q_reg[13]_i_2_n_0
                         CARRY4 (Prop_carry4_CI_CO[3])
                                                      0.100     8.937 r  out_q_reg[15]_i_2/CO[3]
                         net (fo=1, unplaced)         0.000     8.937    out_q_reg[15]_i_2_n_0
                         CARRY4 (Prop_carry4_CI_O[3])
                                                      0.277     9.214 r  out_q_reg[15]_i_14/O[3]
                         net (fo=4, unplaced)         0.543     9.757    round_q15_return0__2[36]
                         LUT2 (Prop_lut2_I1_O)        0.253    10.010 r  out_q[15]_i_40/O
                         net (fo=1, unplaced)         0.000    10.010    out_q[15]_i_40_n_0
                         CARRY4 (Prop_carry4_DI[3]_CO[3])
                                                      0.351    10.361 r  out_q_reg[15]_i_26/CO[3]
                         net (fo=1, unplaced)         0.008    10.369    out_q_reg[15]_i_26_n_0
                         CARRY4 (Prop_carry4_CI_CO[3])
                                                      0.100    10.469 r  out_q_reg[15]_i_15/CO[3]
                         net (fo=1, unplaced)         0.000    10.469    out_q_reg[15]_i_15_n_0
                         CARRY4 (Prop_carry4_CI_CO[3])
                                                      0.100    10.569 r  out_q_reg[15]_i_7/CO[3]
                         net (fo=1, unplaced)         0.000    10.569    out_q_reg[15]_i_7_n_0
                         CARRY4 (Prop_carry4_CI_CO[0])
                                                      0.238    10.807 r  out_q_reg[15]_i_4/CO[0]
                         net (fo=16, unplaced)        0.416    11.223    out_q_reg[15]_i_4_n_3
                         LUT3 (Prop_lut3_I0_O)        0.297    11.520 r  out_q[11]_i_1/O
                         net (fo=1, unplaced)         0.000    11.520    sat_q15_return__0[11]
                         FDRE                                         r  out_q_reg[11]/D
  -------------------------------------------------------------------    -------------------

                         (clock clk rise edge)       10.000    10.000 r  
                                                      0.000    10.000 r  clk (IN)
                         net (fo=36, unset)           0.748    10.748    clk
                         FDRE                                         r  out_q_reg[11]/C
                         clock pessimism              0.000    10.748    
                         clock uncertainty           -0.035    10.712    
                         FDRE (Setup_fdre_C_D)        0.072    10.784    out_q_reg[11]
  -------------------------------------------------------------------
                         required time                         10.784    
                         arrival time                         -11.520    
  -------------------------------------------------------------------
                         slack                                 -0.736    

Slack (VIOLATED) :        -0.736ns  (required time - arrival time)
  Source:                 phase_reg[0]/C
                            (rising edge-triggered cell FDRE clocked by clk  {rise@0.000ns fall@5.000ns period=10.000ns})
  Destination:            out_q_reg[12]/D
                            (rising edge-triggered cell FDRE clocked by clk  {rise@0.000ns fall@5.000ns period=10.000ns})
  Path Group:             clk
  Path Type:              Setup (Max at Slow Process Corner)
  Requirement:            10.000ns  (clk rise@10.000ns - clk rise@0.000ns)
  Data Path Delay:        10.733ns  (logic 7.745ns (72.160%)  route 2.988ns (27.840%))
  Logic Levels:           16  (CARRY4=10 DSP48E1=2 LUT1=1 LUT2=1 LUT3=1 LUT4=1)
  Clock Path Skew:        -0.039ns (DCD - SCD + CPR)
    Destination Clock Delay (DCD):    0.748ns = ( 10.748 - 10.000 ) 
    Source Clock Delay      (SCD):    0.787ns
    Clock Pessimism Removal (CPR):    0.000ns
  Clock Uncertainty:      0.035ns  ((TSJ^2 + TIJ^2)^1/2 + DJ) / 2 + PE
    Total System Jitter     (TSJ):    0.071ns
    Total Input Jitter      (TIJ):    0.000ns
    Discrete Jitter          (DJ):    0.000ns
    Phase Error              (PE):    0.000ns

    Location             Delay type                Incr(ns)  Path(ns)    Netlist Resource(s)
  -------------------------------------------------------------------    -------------------
                         (clock clk rise edge)        0.000     0.000 r  
                                                      0.000     0.000 r  clk (IN)
                         net (fo=36, unset)           0.787     0.787    clk
                         FDRE                                         r  phase_reg[0]/C
  -------------------------------------------------------------------    -------------------
                         FDRE (Prop_fdre_C_Q)         0.433     1.220 r  phase_reg[0]/Q
                         net (fo=28, unplaced)        0.667     1.887    phase_reg[0]
                         LUT4 (Prop_lut4_I1_O)        0.232     2.119 r  round_q15_return0_i_6/O
                         net (fo=2, unplaced)         0.646     2.765    sin_lut[10]
                         DSP48E1 (Prop_dsp48e1_B[10]_PCOUT[47])
                                                      3.244     6.009 r  value0/PCOUT[47]
                         net (fo=1, unplaced)         0.055     6.064    value0_n_106
                         DSP48E1 (Prop_dsp48e1_PCIN[47]_P[14])
                                                      1.271     7.335 f  round_q15_return0__1/P[14]
                         net (fo=2, unplaced)         0.646     7.980    round_q15_return0__1_n_91
                         LUT1 (Prop_lut1_I0_O)        0.105     8.085 r  out_q[1]_i_3/O
                         net (fo=1, unplaced)         0.000     8.085    out_q[1]_i_3_n_0
                         CARRY4 (Prop_carry4_S[1]_CO[3])
                                                      0.444     8.529 r  out_q_reg[1]_i_2/CO[3]
                         net (fo=1, unplaced)         0.008     8.537    out_q_reg[1]_i_2_n_0
                         CARRY4 (Prop_carry4_CI_CO[3])
                                                      0.100     8.637 r  out_q_reg[5]_i_2/CO[3]
                         net (fo=1, unplaced)         0.000     8.637    out_q_reg[5]_i_2_n_0
                         CARRY4 (Prop_carry4_CI_CO[3])
                                                      0.100     8.737 r  out_q_reg[9]_i_2/CO[3]
                         net (fo=1, unplaced)         0.000     8.737    out_q_reg[9]_i_2_n_0
                         CARRY4 (Prop_carry4_CI_CO[3])
                                                      0.100     8.837 r  out_q_reg[13]_i_2/CO[3]
                         net (fo=1, unplaced)         0.000     8.837    out_q_reg[13]_i_2_n_0
                         CARRY4 (Prop_carry4_CI_CO[3])
                                                      0.100     8.937 r  out_q_reg[15]_i_2/CO[3]
                         net (fo=1, unplaced)         0.000     8.937    out_q_reg[15]_i_2_n_0
                         CARRY4 (Prop_carry4_CI_O[3])
                                                      0.277     9.214 r  out_q_reg[15]_i_14/O[3]
                         net (fo=4, unplaced)         0.543     9.757    round_q15_return0__2[36]
                         LUT2 (Prop_lut2_I1_O)        0.253    10.010 r  out_q[15]_i_40/O
                         net (fo=1, unplaced)         0.000    10.010    out_q[15]_i_40_n_0
                         CARRY4 (Prop_carry4_DI[3]_CO[3])
                                                      0.351    10.361 r  out_q_reg[15]_i_26/CO[3]
                         net (fo=1, unplaced)         0.008    10.369    out_q_reg[15]_i_26_n_0
                         CARRY4 (Prop_carry4_CI_CO[3])
                                                      0.100    10.469 r  out_q_reg[15]_i_15/CO[3]
                         net (fo=1, unplaced)         0.000    10.469    out_q_reg[15]_i_15_n_0
                         CARRY4 (Prop_carry4_CI_CO[3])
                                                      0.100    10.569 r  out_q_reg[15]_i_7/CO[3]
                         net (fo=1, unplaced)         0.000    10.569    out_q_reg[15]_i_7_n_0
                         CARRY4 (Prop_carry4_CI_CO[0])
                                                      0.238    10.807 r  out_q_reg[15]_i_4/CO[0]
                         net (fo=16, unplaced)        0.416    11.223    out_q_reg[15]_i_4_n_3
                         LUT3 (Prop_lut3_I0_O)        0.297    11.520 r  out_q[12]_i_1/O
                         net (fo=1, unplaced)         0.000    11.520    sat_q15_return__0[12]
                         FDRE                                         r  out_q_reg[12]/D
  -------------------------------------------------------------------    -------------------

                         (clock clk rise edge)       10.000    10.000 r  
                                                      0.000    10.000 r  clk (IN)
                         net (fo=36, unset)           0.748    10.748    clk
                         FDRE                                         r  out_q_reg[12]/C
                         clock pessimism              0.000    10.748    
                         clock uncertainty           -0.035    10.712    
                         FDRE (Setup_fdre_C_D)        0.072    10.784    out_q_reg[12]
  -------------------------------------------------------------------
                         required time                         10.784    
                         arrival time                         -11.520    
  -------------------------------------------------------------------
                         slack                                 -0.736    

Slack (VIOLATED) :        -0.736ns  (required time - arrival time)
  Source:                 phase_reg[0]/C
                            (rising edge-triggered cell FDRE clocked by clk  {rise@0.000ns fall@5.000ns period=10.000ns})
  Destination:            out_q_reg[13]/D
                            (rising edge-triggered cell FDRE clocked by clk  {rise@0.000ns fall@5.000ns period=10.000ns})
  Path Group:             clk
  Path Type:              Setup (Max at Slow Process Corner)
  Requirement:            10.000ns  (clk rise@10.000ns - clk rise@0.000ns)
  Data Path Delay:        10.733ns  (logic 7.745ns (72.160%)  route 2.988ns (27.840%))
  Logic Levels:           16  (CARRY4=10 DSP48E1=2 LUT1=1 LUT2=1 LUT3=1 LUT4=1)
  Clock Path Skew:        -0.039ns (DCD - SCD + CPR)
    Destination Clock Delay (DCD):    0.748ns = ( 10.748 - 10.000 ) 
    Source Clock Delay      (SCD):    0.787ns
    Clock Pessimism Removal (CPR):    0.000ns
  Clock Uncertainty:      0.035ns  ((TSJ^2 + TIJ^2)^1/2 + DJ) / 2 + PE
    Total System Jitter     (TSJ):    0.071ns
    Total Input Jitter      (TIJ):    0.000ns
    Discrete Jitter          (DJ):    0.000ns
    Phase Error              (PE):    0.000ns

    Location             Delay type                Incr(ns)  Path(ns)    Netlist Resource(s)
  -------------------------------------------------------------------    -------------------
                         (clock clk rise edge)        0.000     0.000 r  
                                                      0.000     0.000 r  clk (IN)
                         net (fo=36, unset)           0.787     0.787    clk
                         FDRE                                         r  phase_reg[0]/C
  -------------------------------------------------------------------    -------------------
                         FDRE (Prop_fdre_C_Q)         0.433     1.220 r  phase_reg[0]/Q
                         net (fo=28, unplaced)        0.667     1.887    phase_reg[0]
                         LUT4 (Prop_lut4_I1_O)        0.232     2.119 r  round_q15_return0_i_6/O
                         net (fo=2, unplaced)         0.646     2.765    sin_lut[10]
                         DSP48E1 (Prop_dsp48e1_B[10]_PCOUT[47])
                                                      3.244     6.009 r  value0/PCOUT[47]
                         net (fo=1, unplaced)         0.055     6.064    value0_n_106
                         DSP48E1 (Prop_dsp48e1_PCIN[47]_P[14])
                                                      1.271     7.335 f  round_q15_return0__1/P[14]
                         net (fo=2, unplaced)         0.646     7.980    round_q15_return0__1_n_91
                         LUT1 (Prop_lut1_I0_O)        0.105     8.085 r  out_q[1]_i_3/O
                         net (fo=1, unplaced)         0.000     8.085    out_q[1]_i_3_n_0
                         CARRY4 (Prop_carry4_S[1]_CO[3])
                                                      0.444     8.529 r  out_q_reg[1]_i_2/CO[3]
                         net (fo=1, unplaced)         0.008     8.537    out_q_reg[1]_i_2_n_0
                         CARRY4 (Prop_carry4_CI_CO[3])
                                                      0.100     8.637 r  out_q_reg[5]_i_2/CO[3]
                         net (fo=1, unplaced)         0.000     8.637    out_q_reg[5]_i_2_n_0
                         CARRY4 (Prop_carry4_CI_CO[3])
                                                      0.100     8.737 r  out_q_reg[9]_i_2/CO[3]
                         net (fo=1, unplaced)         0.000     8.737    out_q_reg[9]_i_2_n_0
                         CARRY4 (Prop_carry4_CI_CO[3])
                                                      0.100     8.837 r  out_q_reg[13]_i_2/CO[3]
                         net (fo=1, unplaced)         0.000     8.837    out_q_reg[13]_i_2_n_0
                         CARRY4 (Prop_carry4_CI_CO[3])
                                                      0.100     8.937 r  out_q_reg[15]_i_2/CO[3]
                         net (fo=1, unplaced)         0.000     8.937    out_q_reg[15]_i_2_n_0
                         CARRY4 (Prop_carry4_CI_O[3])
                                                      0.277     9.214 r  out_q_reg[15]_i_14/O[3]
                         net (fo=4, unplaced)         0.543     9.757    round_q15_return0__2[36]
                         LUT2 (Prop_lut2_I1_O)        0.253    10.010 r  out_q[15]_i_40/O
                         net (fo=1, unplaced)         0.000    10.010    out_q[15]_i_40_n_0
                         CARRY4 (Prop_carry4_DI[3]_CO[3])
                                                      0.351    10.361 r  out_q_reg[15]_i_26/CO[3]
                         net (fo=1, unplaced)         0.008    10.369    out_q_reg[15]_i_26_n_0
                         CARRY4 (Prop_carry4_CI_CO[3])
                                                      0.100    10.469 r  out_q_reg[15]_i_15/CO[3]
                         net (fo=1, unplaced)         0.000    10.469    out_q_reg[15]_i_15_n_0
                         CARRY4 (Prop_carry4_CI_CO[3])
                                                      0.100    10.569 r  out_q_reg[15]_i_7/CO[3]
                         net (fo=1, unplaced)         0.000    10.569    out_q_reg[15]_i_7_n_0
                         CARRY4 (Prop_carry4_CI_CO[0])
                                                      0.238    10.807 r  out_q_reg[15]_i_4/CO[0]
                         net (fo=16, unplaced)        0.416    11.223    out_q_reg[15]_i_4_n_3
                         LUT3 (Prop_lut3_I0_O)        0.297    11.520 r  out_q[13]_i_1/O
                         net (fo=1, unplaced)         0.000    11.520    sat_q15_return__0[13]
                         FDRE                                         r  out_q_reg[13]/D
  -------------------------------------------------------------------    -------------------

                         (clock clk rise edge)       10.000    10.000 r  
                                                      0.000    10.000 r  clk (IN)
                         net (fo=36, unset)           0.748    10.748    clk
                         FDRE                                         r  out_q_reg[13]/C
                         clock pessimism              0.000    10.748    
                         clock uncertainty           -0.035    10.712    
                         FDRE (Setup_fdre_C_D)        0.072    10.784    out_q_reg[13]
  -------------------------------------------------------------------
                         required time                         10.784    
                         arrival time                         -11.520    
  -------------------------------------------------------------------
                         slack                                 -0.736    

Slack (VIOLATED) :        -0.736ns  (required time - arrival time)
  Source:                 phase_reg[0]/C
                            (rising edge-triggered cell FDRE clocked by clk  {rise@0.000ns fall@5.000ns period=10.000ns})
  Destination:            out_q_reg[14]/D
                            (rising edge-triggered cell FDRE clocked by clk  {rise@0.000ns fall@5.000ns period=10.000ns})
  Path Group:             clk
  Path Type:              Setup (Max at Slow Process Corner)
  Requirement:            10.000ns  (clk rise@10.000ns - clk rise@0.000ns)
  Data Path Delay:        10.733ns  (logic 7.745ns (72.160%)  route 2.988ns (27.840%))
  Logic Levels:           16  (CARRY4=10 DSP48E1=2 LUT1=1 LUT2=1 LUT3=1 LUT4=1)
  Clock Path Skew:        -0.039ns (DCD - SCD + CPR)
    Destination Clock Delay (DCD):    0.748ns = ( 10.748 - 10.000 ) 
    Source Clock Delay      (SCD):    0.787ns
    Clock Pessimism Removal (CPR):    0.000ns
  Clock Uncertainty:      0.035ns  ((TSJ^2 + TIJ^2)^1/2 + DJ) / 2 + PE
    Total System Jitter     (TSJ):    0.071ns
    Total Input Jitter      (TIJ):    0.000ns
    Discrete Jitter          (DJ):    0.000ns
    Phase Error              (PE):    0.000ns

    Location             Delay type                Incr(ns)  Path(ns)    Netlist Resource(s)
  -------------------------------------------------------------------    -------------------
                         (clock clk rise edge)        0.000     0.000 r  
                                                      0.000     0.000 r  clk (IN)
                         net (fo=36, unset)           0.787     0.787    clk
                         FDRE                                         r  phase_reg[0]/C
  -------------------------------------------------------------------    -------------------
                         FDRE (Prop_fdre_C_Q)         0.433     1.220 r  phase_reg[0]/Q
                         net (fo=28, unplaced)        0.667     1.887    phase_reg[0]
                         LUT4 (Prop_lut4_I1_O)        0.232     2.119 r  round_q15_return0_i_6/O
                         net (fo=2, unplaced)         0.646     2.765    sin_lut[10]
                         DSP48E1 (Prop_dsp48e1_B[10]_PCOUT[47])
                                                      3.244     6.009 r  value0/PCOUT[47]
                         net (fo=1, unplaced)         0.055     6.064    value0_n_106
                         DSP48E1 (Prop_dsp48e1_PCIN[47]_P[14])
                                                      1.271     7.335 f  round_q15_return0__1/P[14]
                         net (fo=2, unplaced)         0.646     7.980    round_q15_return0__1_n_91
                         LUT1 (Prop_lut1_I0_O)        0.105     8.085 r  out_q[1]_i_3/O
                         net (fo=1, unplaced)         0.000     8.085    out_q[1]_i_3_n_0
                         CARRY4 (Prop_carry4_S[1]_CO[3])
                                                      0.444     8.529 r  out_q_reg[1]_i_2/CO[3]
                         net (fo=1, unplaced)         0.008     8.537    out_q_reg[1]_i_2_n_0
                         CARRY4 (Prop_carry4_CI_CO[3])
                                                      0.100     8.637 r  out_q_reg[5]_i_2/CO[3]
                         net (fo=1, unplaced)         0.000     8.637    out_q_reg[5]_i_2_n_0
                         CARRY4 (Prop_carry4_CI_CO[3])
                                                      0.100     8.737 r  out_q_reg[9]_i_2/CO[3]
                         net (fo=1, unplaced)         0.000     8.737    out_q_reg[9]_i_2_n_0
                         CARRY4 (Prop_carry4_CI_CO[3])
                                                      0.100     8.837 r  out_q_reg[13]_i_2/CO[3]
                         net (fo=1, unplaced)         0.000     8.837    out_q_reg[13]_i_2_n_0
                         CARRY4 (Prop_carry4_CI_CO[3])
                                                      0.100     8.937 r  out_q_reg[15]_i_2/CO[3]
                         net (fo=1, unplaced)         0.000     8.937    out_q_reg[15]_i_2_n_0
                         CARRY4 (Prop_carry4_CI_O[3])
                                                      0.277     9.214 r  out_q_reg[15]_i_14/O[3]
                         net (fo=4, unplaced)         0.543     9.757    round_q15_return0__2[36]
                         LUT2 (Prop_lut2_I1_O)        0.253    10.010 r  out_q[15]_i_40/O
                         net (fo=1, unplaced)         0.000    10.010    out_q[15]_i_40_n_0
                         CARRY4 (Prop_carry4_DI[3]_CO[3])
                                                      0.351    10.361 r  out_q_reg[15]_i_26/CO[3]
                         net (fo=1, unplaced)         0.008    10.369    out_q_reg[15]_i_26_n_0
                         CARRY4 (Prop_carry4_CI_CO[3])
                                                      0.100    10.469 r  out_q_reg[15]_i_15/CO[3]
                         net (fo=1, unplaced)         0.000    10.469    out_q_reg[15]_i_15_n_0
                         CARRY4 (Prop_carry4_CI_CO[3])
                                                      0.100    10.569 r  out_q_reg[15]_i_7/CO[3]
                         net (fo=1, unplaced)         0.000    10.569    out_q_reg[15]_i_7_n_0
                         CARRY4 (Prop_carry4_CI_CO[0])
                                                      0.238    10.807 r  out_q_reg[15]_i_4/CO[0]
                         net (fo=16, unplaced)        0.416    11.223    out_q_reg[15]_i_4_n_3
                         LUT3 (Prop_lut3_I0_O)        0.297    11.520 r  out_q[14]_i_1/O
                         net (fo=1, unplaced)         0.000    11.520    sat_q15_return__0[14]
                         FDRE                                         r  out_q_reg[14]/D
  -------------------------------------------------------------------    -------------------

                         (clock clk rise edge)       10.000    10.000 r  
                                                      0.000    10.000 r  clk (IN)
                         net (fo=36, unset)           0.748    10.748    clk
                         FDRE                                         r  out_q_reg[14]/C
                         clock pessimism              0.000    10.748    
                         clock uncertainty           -0.035    10.712    
                         FDRE (Setup_fdre_C_D)        0.072    10.784    out_q_reg[14]
  -------------------------------------------------------------------
                         required time                         10.784    
                         arrival time                         -11.520    
  -------------------------------------------------------------------
                         slack                                 -0.736    

Slack (VIOLATED) :        -0.736ns  (required time - arrival time)
  Source:                 phase_reg[0]/C
                            (rising edge-triggered cell FDRE clocked by clk  {rise@0.000ns fall@5.000ns period=10.000ns})
  Destination:            out_q_reg[1]/D
                            (rising edge-triggered cell FDRE clocked by clk  {rise@0.000ns fall@5.000ns period=10.000ns})
  Path Group:             clk
  Path Type:              Setup (Max at Slow Process Corner)
  Requirement:            10.000ns  (clk rise@10.000ns - clk rise@0.000ns)
  Data Path Delay:        10.733ns  (logic 7.745ns (72.160%)  route 2.988ns (27.840%))
  Logic Levels:           16  (CARRY4=10 DSP48E1=2 LUT1=1 LUT2=1 LUT3=1 LUT4=1)
  Clock Path Skew:        -0.039ns (DCD - SCD + CPR)
    Destination Clock Delay (DCD):    0.748ns = ( 10.748 - 10.000 ) 
    Source Clock Delay      (SCD):    0.787ns
    Clock Pessimism Removal (CPR):    0.000ns
  Clock Uncertainty:      0.035ns  ((TSJ^2 + TIJ^2)^1/2 + DJ) / 2 + PE
    Total System Jitter     (TSJ):    0.071ns
    Total Input Jitter      (TIJ):    0.000ns
    Discrete Jitter          (DJ):    0.000ns
    Phase Error              (PE):    0.000ns

    Location             Delay type                Incr(ns)  Path(ns)    Netlist Resource(s)
  -------------------------------------------------------------------    -------------------
                         (clock clk rise edge)        0.000     0.000 r  
                                                      0.000     0.000 r  clk (IN)
                         net (fo=36, unset)           0.787     0.787    clk
                         FDRE                                         r  phase_reg[0]/C
  -------------------------------------------------------------------    -------------------
                         FDRE (Prop_fdre_C_Q)         0.433     1.220 r  phase_reg[0]/Q
                         net (fo=28, unplaced)        0.667     1.887    phase_reg[0]
                         LUT4 (Prop_lut4_I1_O)        0.232     2.119 r  round_q15_return0_i_6/O
                         net (fo=2, unplaced)         0.646     2.765    sin_lut[10]
                         DSP48E1 (Prop_dsp48e1_B[10]_PCOUT[47])
                                                      3.244     6.009 r  value0/PCOUT[47]
                         net (fo=1, unplaced)         0.055     6.064    value0_n_106
                         DSP48E1 (Prop_dsp48e1_PCIN[47]_P[14])
                                                      1.271     7.335 f  round_q15_return0__1/P[14]
                         net (fo=2, unplaced)         0.646     7.980    round_q15_return0__1_n_91
                         LUT1 (Prop_lut1_I0_O)        0.105     8.085 r  out_q[1]_i_3/O
                         net (fo=1, unplaced)         0.000     8.085    out_q[1]_i_3_n_0
                         CARRY4 (Prop_carry4_S[1]_CO[3])
                                                      0.444     8.529 r  out_q_reg[1]_i_2/CO[3]
                         net (fo=1, unplaced)         0.008     8.537    out_q_reg[1]_i_2_n_0
                         CARRY4 (Prop_carry4_CI_CO[3])
                                                      0.100     8.637 r  out_q_reg[5]_i_2/CO[3]
                         net (fo=1, unplaced)         0.000     8.637    out_q_reg[5]_i_2_n_0
                         CARRY4 (Prop_carry4_CI_CO[3])
                                                      0.100     8.737 r  out_q_reg[9]_i_2/CO[3]
                         net (fo=1, unplaced)         0.000     8.737    out_q_reg[9]_i_2_n_0
                         CARRY4 (Prop_carry4_CI_CO[3])
                                                      0.100     8.837 r  out_q_reg[13]_i_2/CO[3]
                         net (fo=1, unplaced)         0.000     8.837    out_q_reg[13]_i_2_n_0
                         CARRY4 (Prop_carry4_CI_CO[3])
                                                      0.100     8.937 r  out_q_reg[15]_i_2/CO[3]
                         net (fo=1, unplaced)         0.000     8.937    out_q_reg[15]_i_2_n_0
                         CARRY4 (Prop_carry4_CI_O[3])
                                                      0.277     9.214 r  out_q_reg[15]_i_14/O[3]
                         net (fo=4, unplaced)         0.543     9.757    round_q15_return0__2[36]
                         LUT2 (Prop_lut2_I1_O)        0.253    10.010 r  out_q[15]_i_40/O
                         net (fo=1, unplaced)         0.000    10.010    out_q[15]_i_40_n_0
                         CARRY4 (Prop_carry4_DI[3]_CO[3])
                                                      0.351    10.361 r  out_q_reg[15]_i_26/CO[3]
                         net (fo=1, unplaced)         0.008    10.369    out_q_reg[15]_i_26_n_0
                         CARRY4 (Prop_carry4_CI_CO[3])
                                                      0.100    10.469 r  out_q_reg[15]_i_15/CO[3]
                         net (fo=1, unplaced)         0.000    10.469    out_q_reg[15]_i_15_n_0
                         CARRY4 (Prop_carry4_CI_CO[3])
                                                      0.100    10.569 r  out_q_reg[15]_i_7/CO[3]
                         net (fo=1, unplaced)         0.000    10.569    out_q_reg[15]_i_7_n_0
                         CARRY4 (Prop_carry4_CI_CO[0])
                                                      0.238    10.807 r  out_q_reg[15]_i_4/CO[0]
                         net (fo=16, unplaced)        0.416    11.223    out_q_reg[15]_i_4_n_3
                         LUT3 (Prop_lut3_I0_O)        0.297    11.520 r  out_q[1]_i_1/O
                         net (fo=1, unplaced)         0.000    11.520    sat_q15_return__0[1]
                         FDRE                                         r  out_q_reg[1]/D
  -------------------------------------------------------------------    -------------------

                         (clock clk rise edge)       10.000    10.000 r  
                                                      0.000    10.000 r  clk (IN)
                         net (fo=36, unset)           0.748    10.748    clk
                         FDRE                                         r  out_q_reg[1]/C
                         clock pessimism              0.000    10.748    
                         clock uncertainty           -0.035    10.712    
                         FDRE (Setup_fdre_C_D)        0.072    10.784    out_q_reg[1]
  -------------------------------------------------------------------
                         required time                         10.784    
                         arrival time                         -11.520    
  -------------------------------------------------------------------
                         slack                                 -0.736    

Slack (VIOLATED) :        -0.736ns  (required time - arrival time)
  Source:                 phase_reg[0]/C
                            (rising edge-triggered cell FDRE clocked by clk  {rise@0.000ns fall@5.000ns period=10.000ns})
  Destination:            out_q_reg[2]/D
                            (rising edge-triggered cell FDRE clocked by clk  {rise@0.000ns fall@5.000ns period=10.000ns})
  Path Group:             clk
  Path Type:              Setup (Max at Slow Process Corner)
  Requirement:            10.000ns  (clk rise@10.000ns - clk rise@0.000ns)
  Data Path Delay:        10.733ns  (logic 7.745ns (72.160%)  route 2.988ns (27.840%))
  Logic Levels:           16  (CARRY4=10 DSP48E1=2 LUT1=1 LUT2=1 LUT3=1 LUT4=1)
  Clock Path Skew:        -0.039ns (DCD - SCD + CPR)
    Destination Clock Delay (DCD):    0.748ns = ( 10.748 - 10.000 ) 
    Source Clock Delay      (SCD):    0.787ns
    Clock Pessimism Removal (CPR):    0.000ns
  Clock Uncertainty:      0.035ns  ((TSJ^2 + TIJ^2)^1/2 + DJ) / 2 + PE
    Total System Jitter     (TSJ):    0.071ns
    Total Input Jitter      (TIJ):    0.000ns
    Discrete Jitter          (DJ):    0.000ns
    Phase Error              (PE):    0.000ns

    Location             Delay type                Incr(ns)  Path(ns)    Netlist Resource(s)
  -------------------------------------------------------------------    -------------------
                         (clock clk rise edge)        0.000     0.000 r  
                                                      0.000     0.000 r  clk (IN)
                         net (fo=36, unset)           0.787     0.787    clk
                         FDRE                                         r  phase_reg[0]/C
  -------------------------------------------------------------------    -------------------
                         FDRE (Prop_fdre_C_Q)         0.433     1.220 r  phase_reg[0]/Q
                         net (fo=28, unplaced)        0.667     1.887    phase_reg[0]
                         LUT4 (Prop_lut4_I1_O)        0.232     2.119 r  round_q15_return0_i_6/O
                         net (fo=2, unplaced)         0.646     2.765    sin_lut[10]
                         DSP48E1 (Prop_dsp48e1_B[10]_PCOUT[47])
                                                      3.244     6.009 r  value0/PCOUT[47]
                         net (fo=1, unplaced)         0.055     6.064    value0_n_106
                         DSP48E1 (Prop_dsp48e1_PCIN[47]_P[14])
                                                      1.271     7.335 f  round_q15_return0__1/P[14]
                         net (fo=2, unplaced)         0.646     7.980    round_q15_return0__1_n_91
                         LUT1 (Prop_lut1_I0_O)        0.105     8.085 r  out_q[1]_i_3/O
                         net (fo=1, unplaced)         0.000     8.085    out_q[1]_i_3_n_0
                         CARRY4 (Prop_carry4_S[1]_CO[3])
                                                      0.444     8.529 r  out_q_reg[1]_i_2/CO[3]
                         net (fo=1, unplaced)         0.008     8.537    out_q_reg[1]_i_2_n_0
                         CARRY4 (Prop_carry4_CI_CO[3])
                                                      0.100     8.637 r  out_q_reg[5]_i_2/CO[3]
                         net (fo=1, unplaced)         0.000     8.637    out_q_reg[5]_i_2_n_0
                         CARRY4 (Prop_carry4_CI_CO[3])
                                                      0.100     8.737 r  out_q_reg[9]_i_2/CO[3]
                         net (fo=1, unplaced)         0.000     8.737    out_q_reg[9]_i_2_n_0
                         CARRY4 (Prop_carry4_CI_CO[3])
                                                      0.100     8.837 r  out_q_reg[13]_i_2/CO[3]
                         net (fo=1, unplaced)         0.000     8.837    out_q_reg[13]_i_2_n_0
                         CARRY4 (Prop_carry4_CI_CO[3])
                                                      0.100     8.937 r  out_q_reg[15]_i_2/CO[3]
                         net (fo=1, unplaced)         0.000     8.937    out_q_reg[15]_i_2_n_0
                         CARRY4 (Prop_carry4_CI_O[3])
                                                      0.277     9.214 r  out_q_reg[15]_i_14/O[3]
                         net (fo=4, unplaced)         0.543     9.757    round_q15_return0__2[36]
                         LUT2 (Prop_lut2_I1_O)        0.253    10.010 r  out_q[15]_i_40/O
                         net (fo=1, unplaced)         0.000    10.010    out_q[15]_i_40_n_0
                         CARRY4 (Prop_carry4_DI[3]_CO[3])
                                                      0.351    10.361 r  out_q_reg[15]_i_26/CO[3]
                         net (fo=1, unplaced)         0.008    10.369    out_q_reg[15]_i_26_n_0
                         CARRY4 (Prop_carry4_CI_CO[3])
                                                      0.100    10.469 r  out_q_reg[15]_i_15/CO[3]
                         net (fo=1, unplaced)         0.000    10.469    out_q_reg[15]_i_15_n_0
                         CARRY4 (Prop_carry4_CI_CO[3])
                                                      0.100    10.569 r  out_q_reg[15]_i_7/CO[3]
                         net (fo=1, unplaced)         0.000    10.569    out_q_reg[15]_i_7_n_0
                         CARRY4 (Prop_carry4_CI_CO[0])
                                                      0.238    10.807 r  out_q_reg[15]_i_4/CO[0]
                         net (fo=16, unplaced)        0.416    11.223    out_q_reg[15]_i_4_n_3
                         LUT3 (Prop_lut3_I0_O)        0.297    11.520 r  out_q[2]_i_1/O
                         net (fo=1, unplaced)         0.000    11.520    sat_q15_return__0[2]
                         FDRE                                         r  out_q_reg[2]/D
  -------------------------------------------------------------------    -------------------

                         (clock clk rise edge)       10.000    10.000 r  
                                                      0.000    10.000 r  clk (IN)
                         net (fo=36, unset)           0.748    10.748    clk
                         FDRE                                         r  out_q_reg[2]/C
                         clock pessimism              0.000    10.748    
                         clock uncertainty           -0.035    10.712    
                         FDRE (Setup_fdre_C_D)        0.072    10.784    out_q_reg[2]
  -------------------------------------------------------------------
                         required time                         10.784    
                         arrival time                         -11.520    
  -------------------------------------------------------------------
                         slack                                 -0.736    

Slack (VIOLATED) :        -0.736ns  (required time - arrival time)
  Source:                 phase_reg[0]/C
                            (rising edge-triggered cell FDRE clocked by clk  {rise@0.000ns fall@5.000ns period=10.000ns})
  Destination:            out_q_reg[3]/D
                            (rising edge-triggered cell FDRE clocked by clk  {rise@0.000ns fall@5.000ns period=10.000ns})
  Path Group:             clk
  Path Type:              Setup (Max at Slow Process Corner)
  Requirement:            10.000ns  (clk rise@10.000ns - clk rise@0.000ns)
  Data Path Delay:        10.733ns  (logic 7.745ns (72.160%)  route 2.988ns (27.840%))
  Logic Levels:           16  (CARRY4=10 DSP48E1=2 LUT1=1 LUT2=1 LUT3=1 LUT4=1)
  Clock Path Skew:        -0.039ns (DCD - SCD + CPR)
    Destination Clock Delay (DCD):    0.748ns = ( 10.748 - 10.000 ) 
    Source Clock Delay      (SCD):    0.787ns
    Clock Pessimism Removal (CPR):    0.000ns
  Clock Uncertainty:      0.035ns  ((TSJ^2 + TIJ^2)^1/2 + DJ) / 2 + PE
    Total System Jitter     (TSJ):    0.071ns
    Total Input Jitter      (TIJ):    0.000ns
    Discrete Jitter          (DJ):    0.000ns
    Phase Error              (PE):    0.000ns

    Location             Delay type                Incr(ns)  Path(ns)    Netlist Resource(s)
  -------------------------------------------------------------------    -------------------
                         (clock clk rise edge)        0.000     0.000 r  
                                                      0.000     0.000 r  clk (IN)
                         net (fo=36, unset)           0.787     0.787    clk
                         FDRE                                         r  phase_reg[0]/C
  -------------------------------------------------------------------    -------------------
                         FDRE (Prop_fdre_C_Q)         0.433     1.220 r  phase_reg[0]/Q
                         net (fo=28, unplaced)        0.667     1.887    phase_reg[0]
                         LUT4 (Prop_lut4_I1_O)        0.232     2.119 r  round_q15_return0_i_6/O
                         net (fo=2, unplaced)         0.646     2.765    sin_lut[10]
                         DSP48E1 (Prop_dsp48e1_B[10]_PCOUT[47])
                                                      3.244     6.009 r  value0/PCOUT[47]
                         net (fo=1, unplaced)         0.055     6.064    value0_n_106
                         DSP48E1 (Prop_dsp48e1_PCIN[47]_P[14])
                                                      1.271     7.335 f  round_q15_return0__1/P[14]
                         net (fo=2, unplaced)         0.646     7.980    round_q15_return0__1_n_91
                         LUT1 (Prop_lut1_I0_O)        0.105     8.085 r  out_q[1]_i_3/O
                         net (fo=1, unplaced)         0.000     8.085    out_q[1]_i_3_n_0
                         CARRY4 (Prop_carry4_S[1]_CO[3])
                                                      0.444     8.529 r  out_q_reg[1]_i_2/CO[3]
                         net (fo=1, unplaced)         0.008     8.537    out_q_reg[1]_i_2_n_0
                         CARRY4 (Prop_carry4_CI_CO[3])
                                                      0.100     8.637 r  out_q_reg[5]_i_2/CO[3]
                         net (fo=1, unplaced)         0.000     8.637    out_q_reg[5]_i_2_n_0
                         CARRY4 (Prop_carry4_CI_CO[3])
                                                      0.100     8.737 r  out_q_reg[9]_i_2/CO[3]
                         net (fo=1, unplaced)         0.000     8.737    out_q_reg[9]_i_2_n_0
                         CARRY4 (Prop_carry4_CI_CO[3])
                                                      0.100     8.837 r  out_q_reg[13]_i_2/CO[3]
                         net (fo=1, unplaced)         0.000     8.837    out_q_reg[13]_i_2_n_0
                         CARRY4 (Prop_carry4_CI_CO[3])
                                                      0.100     8.937 r  out_q_reg[15]_i_2/CO[3]
                         net (fo=1, unplaced)         0.000     8.937    out_q_reg[15]_i_2_n_0
                         CARRY4 (Prop_carry4_CI_O[3])
                                                      0.277     9.214 r  out_q_reg[15]_i_14/O[3]
                         net (fo=4, unplaced)         0.543     9.757    round_q15_return0__2[36]
                         LUT2 (Prop_lut2_I1_O)        0.253    10.010 r  out_q[15]_i_40/O
                         net (fo=1, unplaced)         0.000    10.010    out_q[15]_i_40_n_0
                         CARRY4 (Prop_carry4_DI[3]_CO[3])
                                                      0.351    10.361 r  out_q_reg[15]_i_26/CO[3]
                         net (fo=1, unplaced)         0.008    10.369    out_q_reg[15]_i_26_n_0
                         CARRY4 (Prop_carry4_CI_CO[3])
                                                      0.100    10.469 r  out_q_reg[15]_i_15/CO[3]
                         net (fo=1, unplaced)         0.000    10.469    out_q_reg[15]_i_15_n_0
                         CARRY4 (Prop_carry4_CI_CO[3])
                                                      0.100    10.569 r  out_q_reg[15]_i_7/CO[3]
                         net (fo=1, unplaced)         0.000    10.569    out_q_reg[15]_i_7_n_0
                         CARRY4 (Prop_carry4_CI_CO[0])
                                                      0.238    10.807 r  out_q_reg[15]_i_4/CO[0]
                         net (fo=16, unplaced)        0.416    11.223    out_q_reg[15]_i_4_n_3
                         LUT3 (Prop_lut3_I0_O)        0.297    11.520 r  out_q[3]_i_1/O
                         net (fo=1, unplaced)         0.000    11.520    sat_q15_return__0[3]
                         FDRE                                         r  out_q_reg[3]/D
  -------------------------------------------------------------------    -------------------

                         (clock clk rise edge)       10.000    10.000 r  
                                                      0.000    10.000 r  clk (IN)
                         net (fo=36, unset)           0.748    10.748    clk
                         FDRE                                         r  out_q_reg[3]/C
                         clock pessimism              0.000    10.748    
                         clock uncertainty           -0.035    10.712    
                         FDRE (Setup_fdre_C_D)        0.072    10.784    out_q_reg[3]
  -------------------------------------------------------------------
                         required time                         10.784    
                         arrival time                         -11.520    
  -------------------------------------------------------------------
                         slack                                 -0.736    





Pulse Width Checks
--------------------------------------------------------------------------------------
Clock Name:         clk
Waveform(ns):       { 0.000 5.000 }
Period(ns):         10.000
Sources:            { clk }

Check Type        Corner  Lib Pin  Reference Pin  Required(ns)  Actual(ns)  Slack(ns)  Location  Pin
Min Period        n/a     FDRE/C   n/a            1.000         10.000      9.000                out_i_reg[0]/C
Min Period        n/a     FDRE/C   n/a            1.000         10.000      9.000                out_i_reg[10]/C
Min Period        n/a     FDRE/C   n/a            1.000         10.000      9.000                out_i_reg[11]/C
Min Period        n/a     FDRE/C   n/a            1.000         10.000      9.000                out_i_reg[12]/C
Min Period        n/a     FDRE/C   n/a            1.000         10.000      9.000                out_i_reg[13]/C
Min Period        n/a     FDRE/C   n/a            1.000         10.000      9.000                out_i_reg[14]/C
Min Period        n/a     FDRE/C   n/a            1.000         10.000      9.000                out_i_reg[15]/C
Min Period        n/a     FDRE/C   n/a            1.000         10.000      9.000                out_i_reg[1]/C
Min Period        n/a     FDRE/C   n/a            1.000         10.000      9.000                out_i_reg[2]/C
Min Period        n/a     FDRE/C   n/a            1.000         10.000      9.000                out_i_reg[3]/C
Low Pulse Width   Slow    FDRE/C   n/a            0.500         5.000       4.500                out_i_reg[0]/C
Low Pulse Width   Fast    FDRE/C   n/a            0.500         5.000       4.500                out_i_reg[0]/C
Low Pulse Width   Slow    FDRE/C   n/a            0.500         5.000       4.500                out_i_reg[10]/C
Low Pulse Width   Fast    FDRE/C   n/a            0.500         5.000       4.500                out_i_reg[10]/C
Low Pulse Width   Slow    FDRE/C   n/a            0.500         5.000       4.500                out_i_reg[11]/C
Low Pulse Width   Fast    FDRE/C   n/a            0.500         5.000       4.500                out_i_reg[11]/C
Low Pulse Width   Slow    FDRE/C   n/a            0.500         5.000       4.500                out_i_reg[12]/C
Low Pulse Width   Fast    FDRE/C   n/a            0.500         5.000       4.500                out_i_reg[12]/C
Low Pulse Width   Slow    FDRE/C   n/a            0.500         5.000       4.500                out_i_reg[13]/C
Low Pulse Width   Fast    FDRE/C   n/a            0.500         5.000       4.500                out_i_reg[13]/C
High Pulse Width  Slow    FDRE/C   n/a            0.500         5.000       4.500                out_i_reg[0]/C
High Pulse Width  Fast    FDRE/C   n/a            0.500         5.000       4.500                out_i_reg[0]/C
High Pulse Width  Slow    FDRE/C   n/a            0.500         5.000       4.500                out_i_reg[10]/C
High Pulse Width  Fast    FDRE/C   n/a            0.500         5.000       4.500                out_i_reg[10]/C
High Pulse Width  Slow    FDRE/C   n/a            0.500         5.000       4.500                out_i_reg[11]/C
High Pulse Width  Fast    FDRE/C   n/a            0.500         5.000       4.500                out_i_reg[11]/C
High Pulse Width  Slow    FDRE/C   n/a            0.500         5.000       4.500                out_i_reg[12]/C
High Pulse Width  Fast    FDRE/C   n/a            0.500         5.000       4.500                out_i_reg[12]/C
High Pulse Width  Slow    FDRE/C   n/a            0.500         5.000       4.500                out_i_reg[13]/C
High Pulse Width  Fast    FDRE/C   n/a            0.500         5.000       4.500                out_i_reg[13]/C



